[ 2018-03-20T00:22:20+08:00 ] 116.62.176.205 /
INFO: [ app_init ] --START--
INFO: Run Behavior\BuildLiteBehavior [ RunTime:0.000029s ]
INFO: [ app_init ] --END-- [ RunTime:0.000380s ]
INFO: [ app_begin ] --START--
INFO: Run Behavior\ReadHtmlCacheBehavior [ RunTime:0.000359s ]
INFO: [ app_begin ] --END-- [ RunTime:0.000425s ]
INFO: [ view_parse ] --START--
INFO: [ template_filter ] --START--
INFO: Run Behavior\ContentReplaceBehavior [ RunTime:0.000028s ]
INFO: [ template_filter ] --END-- [ RunTime:0.000073s ]
INFO: Run Behavior\ParseTemplateBehavior [ RunTime:0.006014s ]
INFO: [ view_parse ] --END-- [ RunTime:0.006092s ]
INFO: [ view_filter ] --START--
INFO: Run Behavior\WriteHtmlCacheBehavior [ RunTime:0.000121s ]
INFO: [ view_filter ] --END-- [ RunTime:0.000178s ]
INFO: [ app_end ] --START--
INFO: Run Behavior\ShowPageTraceBehavior [ RunTime:0.000380s ]
INFO: [ app_end ] --END-- [ RunTime:0.000437s ]

[ 2018-03-20T00:41:35+08:00 ] 120.78.231.236 /
INFO: [ app_init ] --START--
INFO: Run Behavior\BuildLiteBehavior [ RunTime:0.000015s ]
INFO: [ app_init ] --END-- [ RunTime:0.000268s ]
INFO: [ app_begin ] --START--
INFO: Run Behavior\ReadHtmlCacheBehavior [ RunTime:0.000409s ]
INFO: [ app_begin ] --END-- [ RunTime:0.000481s ]
INFO: [ view_parse ] --START--
INFO: [ template_filter ] --START--
INFO: Run Behavior\ContentReplaceBehavior [ RunTime:0.000026s ]
INFO: [ template_filter ] --END-- [ RunTime:0.000069s ]
INFO: Run Behavior\ParseTemplateBehavior [ RunTime:0.004541s ]
INFO: [ view_parse ] --END-- [ RunTime:0.004600s ]
INFO: [ view_filter ] --START--
INFO: Run Behavior\WriteHtmlCacheBehavior [ RunTime:0.000140s ]
INFO: [ view_filter ] --END-- [ RunTime:0.000178s ]
INFO: [ app_end ] --START--
INFO: Run Behavior\ShowPageTraceBehavior [ RunTime:0.000397s ]
INFO: [ app_end ] --END-- [ RunTime:0.000467s ]

[ 2018-03-20T01:11:39+08:00 ] 123.125.71.103 /
INFO: [ app_init ] --START--
INFO: Run Behavior\BuildLiteBehavior [ RunTime:0.000014s ]
INFO: [ app_init ] --END-- [ RunTime:0.000304s ]
INFO: [ app_begin ] --START--
INFO: Run Behavior\ReadHtmlCacheBehavior [ RunTime:0.000388s ]
INFO: [ app_begin ] --END-- [ RunTime:0.000432s ]
INFO: [ view_parse ] --START--
INFO: [ template_filter ] --START--
INFO: Run Behavior\ContentReplaceBehavior [ RunTime:0.000027s ]
INFO: [ template_filter ] --END-- [ RunTime:0.000073s ]
INFO: Run Behavior\ParseTemplateBehavior [ RunTime:0.004489s ]
INFO: [ view_parse ] --END-- [ RunTime:0.004537s ]
INFO: [ view_filter ] --START--
INFO: Run Behavior\WriteHtmlCacheBehavior [ RunTime:0.000449s ]
INFO: [ view_filter ] --END-- [ RunTime:0.000484s ]
INFO: [ app_end ] --START--
INFO: Run Behavior\ShowPageTraceBehavior [ RunTime:0.000419s ]
INFO: [ app_end ] --END-- [ RunTime:0.000502s ]

[ 2018-03-20T01:53:50+08:00 ] 120.78.231.236 /
INFO: [ app_init ] --START--
INFO: Run Behavior\BuildLiteBehavior [ RunTime:0.000020s ]
INFO: [ app_init ] --END-- [ RunTime:0.000308s ]
INFO: [ app_begin ] --START--
INFO: Run Behavior\ReadHtmlCacheBehavior [ RunTime:0.000353s ]
INFO: [ app_begin ] --END-- [ RunTime:0.000395s ]
INFO: [ view_parse ] --START--
INFO: [ template_filter ] --START--
INFO: Run Behavior\ContentReplaceBehavior [ RunTime:0.000026s ]
INFO: [ template_filter ] --END-- [ RunTime:0.000068s ]
INFO: Run Behavior\ParseTemplateBehavior [ RunTime:0.004518s ]
INFO: [ view_parse ] --END-- [ RunTime:0.004558s ]
INFO: [ view_filter ] --START--
INFO: Run Behavior\WriteHtmlCacheBehavior [ RunTime:0.000127s ]
INFO: [ view_filter ] --END-- [ RunTime:0.000178s ]
INFO: [ app_end ] --START--
INFO: Run Behavior\ShowPageTraceBehavior [ RunTime:0.000356s ]
INFO: [ app_end ] --END-- [ RunTime:0.000395s ]

[ 2018-03-20T02:03:07+08:00 ] 106.38.241.118 /
INFO: [ app_init ] --START--
INFO: Run Behavior\BuildLiteBehavior [ RunTime:0.000014s ]
INFO: [ app_init ] --END-- [ RunTime:0.000299s ]
INFO: [ app_begin ] --START--
INFO: Run Behavior\ReadHtmlCacheBehavior [ RunTime:0.000411s ]
INFO: [ app_begin ] --END-- [ RunTime:0.000455s ]
INFO: [ view_parse ] --START--
INFO: [ template_filter ] --START--
INFO: Run Behavior\ContentReplaceBehavior [ RunTime:0.000048s ]
INFO: [ template_filter ] --END-- [ RunTime:0.000115s ]
INFO: Run Behavior\ParseTemplateBehavior [ RunTime:0.004324s ]
INFO: [ view_parse ] --END-- [ RunTime:0.004366s ]
INFO: [ view_filter ] --START--
INFO: Run Behavior\WriteHtmlCacheBehavior [ RunTime:0.000136s ]
INFO: [ view_filter ] --END-- [ RunTime:0.000186s ]
INFO: [ app_end ] --START--
INFO: Run Behavior\ShowPageTraceBehavior [ RunTime:0.000413s ]
INFO: [ app_end ] --END-- [ RunTime:0.000479s ]

[ 2018-03-20T02:44:32+08:00 ] 119.23.127.40 /
INFO: [ app_init ] --START--
INFO: Run Behavior\BuildLiteBehavior [ RunTime:0.000014s ]
INFO: [ app_init ] --END-- [ RunTime:0.000255s ]
INFO: [ app_begin ] --START--
INFO: Run Behavior\ReadHtmlCacheBehavior [ RunTime:0.000358s ]
INFO: [ app_begin ] --END-- [ RunTime:0.000407s ]
INFO: [ view_parse ] --START--
INFO: [ template_filter ] --START--
INFO: Run Behavior\ContentReplaceBehavior [ RunTime:0.000026s ]
INFO: [ template_filter ] --END-- [ RunTime:0.000066s ]
INFO: Run Behavior\ParseTemplateBehavior [ RunTime:0.004278s ]
INFO: [ view_parse ] --END-- [ RunTime:0.004326s ]
INFO: [ view_filter ] --START--
INFO: Run Behavior\WriteHtmlCacheBehavior [ RunTime:0.000136s ]
INFO: [ view_filter ] --END-- [ RunTime:0.000191s ]
INFO: [ app_end ] --START--
INFO: Run Behavior\ShowPageTraceBehavior [ RunTime:0.000446s ]
INFO: [ app_end ] --END-- [ RunTime:0.000482s ]

[ 2018-03-20T08:26:39+08:00 ] 47.93.90.175 /
INFO: [ app_init ] --START--
INFO: Run Behavior\BuildLiteBehavior [ RunTime:0.000014s ]
INFO: [ app_init ] --END-- [ RunTime:0.000257s ]
INFO: [ app_begin ] --START--
INFO: Run Behavior\ReadHtmlCacheBehavior [ RunTime:0.000481s ]
INFO: [ app_begin ] --END-- [ RunTime:0.000534s ]
INFO: [ view_parse ] --START--
INFO: [ template_filter ] --START--
INFO: Run Behavior\ContentReplaceBehavior [ RunTime:0.000027s ]
INFO: [ template_filter ] --END-- [ RunTime:0.000075s ]
INFO: Run Behavior\ParseTemplateBehavior [ RunTime:0.004361s ]
INFO: [ view_parse ] --END-- [ RunTime:0.004400s ]
INFO: [ view_filter ] --START--
INFO: Run Behavior\WriteHtmlCacheBehavior [ RunTime:0.000135s ]
INFO: [ view_filter ] --END-- [ RunTime:0.000173s ]
INFO: [ app_end ] --START--
INFO: Run Behavior\ShowPageTraceBehavior [ RunTime:0.000416s ]
INFO: [ app_end ] --END-- [ RunTime:0.000456s ]

[ 2018-03-20T09:10:00+08:00 ] 123.125.71.16 /
INFO: [ app_init ] --START--
INFO: Run Behavior\BuildLiteBehavior [ RunTime:0.000013s ]
INFO: [ app_init ] --END-- [ RunTime:0.000247s ]
INFO: [ app_begin ] --START--
INFO: Run Behavior\ReadHtmlCacheBehavior [ RunTime:0.000352s ]
INFO: [ app_begin ] --END-- [ RunTime:0.000394s ]
INFO: [ view_parse ] --START--
INFO: [ template_filter ] --START--
INFO: Run Behavior\ContentReplaceBehavior [ RunTime:0.000023s ]
INFO: [ template_filter ] --END-- [ RunTime:0.000061s ]
INFO: Run Behavior\ParseTemplateBehavior [ RunTime:0.003999s ]
INFO: [ view_parse ] --END-- [ RunTime:0.004038s ]
INFO: [ view_filter ] --START--
INFO: Run Behavior\WriteHtmlCacheBehavior [ RunTime:0.000107s ]
INFO: [ view_filter ] --END-- [ RunTime:0.000138s ]
INFO: [ app_end ] --START--
INFO: Run Behavior\ShowPageTraceBehavior [ RunTime:0.000399s ]
INFO: [ app_end ] --END-- [ RunTime:0.000437s ]

[ 2018-03-20T09:50:44+08:00 ] 117.136.17.237 /index.php/Home/Index/RecommetPerTenGoodsList
INFO: [ app_init ] --START--
INFO: Run Behavior\BuildLiteBehavior [ RunTime:0.000018s ]
INFO: [ app_init ] --END-- [ RunTime:0.000282s ]
INFO: [ app_begin ] --START--
INFO: Run Behavior\ReadHtmlCacheBehavior [ RunTime:0.000328s ]
INFO: [ app_begin ] --END-- [ RunTime:0.000378s ]
SQL: SHOW COLUMNS FROM `sp_goods` [ RunTime:0.0010s ]
SQL: SELECT `goods_id`,`goods_s_logo`,`goods_name`,`goods_introduce`,`goods_price` FROM `sp_goods` WHERE `is_rec` = '1' ORDER BY goods_id LIMIT 0,10   [ RunTime:0.0003s ]
NOTIC: [8] Use of undefined constant goodTenList - assumed 'goodTenList' /SouthWestApp/Home/Controller/IndexController.class.php 第 237 行.

[ 2018-03-20T09:50:45+08:00 ] 106.108.36.139 /index.php/Home/Index/RecommetPerTenGoodsList
INFO: [ app_init ] --START--
INFO: Run Behavior\BuildLiteBehavior [ RunTime:0.000053s ]
INFO: [ app_init ] --END-- [ RunTime:0.000435s ]
INFO: [ app_begin ] --START--
INFO: Run Behavior\ReadHtmlCacheBehavior [ RunTime:0.000531s ]
INFO: [ app_begin ] --END-- [ RunTime:0.000590s ]
SQL: SHOW COLUMNS FROM `sp_goods` [ RunTime:0.0010s ]
SQL: SELECT `goods_id`,`goods_s_logo`,`goods_name`,`goods_introduce`,`goods_price` FROM `sp_goods` WHERE `is_rec` = '1' ORDER BY goods_id LIMIT 0,10   [ RunTime:0.0003s ]
NOTIC: [8] Use of undefined constant goodTenList - assumed 'goodTenList' /SouthWestApp/Home/Controller/IndexController.class.php 第 237 行.

[ 2018-03-20T09:50:47+08:00 ] 117.136.17.237 /index.php/Home/Index/homeservice
INFO: [ app_init ] --START--
INFO: Run Behavior\BuildLiteBehavior [ RunTime:0.000015s ]
INFO: [ app_init ] --END-- [ RunTime:0.000273s ]
INFO: [ app_begin ] --START--
INFO: Run Behavior\ReadHtmlCacheBehavior [ RunTime:0.000356s ]
INFO: [ app_begin ] --END-- [ RunTime:0.000400s ]
SQL: SHOW COLUMNS FROM `sp_category` [ RunTime:0.0008s ]
SQL: SELECT `cat_id`,`cat_name` FROM `sp_category`  [ RunTime:0.0002s ]
SQL: SHOW COLUMNS FROM `sp_yuangong` [ RunTime:0.0006s ]
SQL: SELECT y.yuangong_id,y.yuangong_s_tx,y.yuangong_name,y.yuangong_jianjie,y.yg_star,y.yuangong_price FROM sp_yuangong y INNER JOIN sp_category c on c.cat_id = y.cat_id  WHERE c.cat_id = 10 ORDER BY y.upd_time LIMIT 6   [ RunTime:0.0003s ]
SQL: SELECT y.yuangong_id,y.yuangong_s_tx,y.yuangong_name,y.yuangong_jianjie,y.yg_star,y.yuangong_price FROM sp_yuangong y INNER JOIN sp_category c on c.cat_id = y.cat_id  WHERE c.cat_id = 11 ORDER BY y.upd_time LIMIT 6   [ RunTime:0.0002s ]
SQL: SELECT y.yuangong_id,y.yuangong_s_tx,y.yuangong_name,y.yuangong_jianjie,y.yg_star,y.yuangong_price FROM sp_yuangong y INNER JOIN sp_category c on c.cat_id = y.cat_id  WHERE c.cat_id = 12 ORDER BY y.upd_time LIMIT 6   [ RunTime:0.0002s ]
SQL: SELECT y.yuangong_id,y.yuangong_s_tx,y.yuangong_name,y.yuangong_jianjie,y.yg_star,y.yuangong_price FROM sp_yuangong y INNER JOIN sp_category c on c.cat_id = y.cat_id  WHERE c.cat_id = 13 ORDER BY y.upd_time LIMIT 6   [ RunTime:0.0002s ]
SQL: SELECT y.yuangong_id,y.yuangong_s_tx,y.yuangong_name,y.yuangong_jianjie,y.yg_star,y.yuangong_price FROM sp_yuangong y INNER JOIN sp_category c on c.cat_id = y.cat_id  WHERE c.cat_id = 14 ORDER BY y.upd_time LIMIT 6   [ RunTime:0.0002s ]
SQL: SELECT y.yuangong_id,y.yuangong_s_tx,y.yuangong_name,y.yuangong_jianjie,y.yg_star,y.yuangong_price FROM sp_yuangong y INNER JOIN sp_category c on c.cat_id = y.cat_id  WHERE c.cat_id = 15 ORDER BY y.upd_time LIMIT 6   [ RunTime:0.0002s ]
SQL: SELECT y.yuangong_id,y.yuangong_s_tx,y.yuangong_name,y.yuangong_jianjie,y.yg_star,y.yuangong_price FROM sp_yuangong y INNER JOIN sp_category c on c.cat_id = y.cat_id  WHERE c.cat_id = 16 ORDER BY y.upd_time LIMIT 6   [ RunTime:0.0002s ]
SQL: SELECT y.yuangong_id,y.yuangong_s_tx,y.yuangong_name,y.yuangong_jianjie,y.yg_star,y.yuangong_price FROM sp_yuangong y INNER JOIN sp_category c on c.cat_id = y.cat_id  WHERE c.cat_id = 17 ORDER BY y.upd_time LIMIT 6   [ RunTime:0.0002s ]
NOTIC: [8] Use of undefined constant cleaner - assumed 'cleaner' /SouthWestApp/Home/Controller/IndexController.class.php 第 95 行.
NOTIC: [8] Use of undefined constant duenna - assumed 'duenna' /SouthWestApp/Home/Controller/IndexController.class.php 第 96 行.
NOTIC: [8] Use of undefined constant nutritionist - assumed 'nutritionist' /SouthWestApp/Home/Controller/IndexController.class.php 第 97 行.
NOTIC: [8] Use of undefined constant nursery - assumed 'nursery' /SouthWestApp/Home/Controller/IndexController.class.php 第 98 行.
NOTIC: [8] Use of undefined constant prolactor - assumed 'prolactor' /SouthWestApp/Home/Controller/IndexController.class.php 第 99 行.
NOTIC: [8] Use of undefined constant careworker - assumed 'careworker' /SouthWestApp/Home/Controller/IndexController.class.php 第 100 行.
NOTIC: [8] Use of undefined constant ewclean - assumed 'ewclean' /SouthWestApp/Home/Controller/IndexController.class.php 第 101 行.
NOTIC: [8] Use of undefined constant pipeulock - assumed 'pipeulock' /SouthWestApp/Home/Controller/IndexController.class.php 第 102 行.

[ 2018-03-20T09:50:51+08:00 ] 106.108.36.139 /index.php/Home/Goods/shopSixRecord
INFO: [ app_init ] --START--
INFO: Run Behavior\BuildLiteBehavior [ RunTime:0.000019s ]
INFO: [ app_init ] --END-- [ RunTime:0.000442s ]
INFO: [ app_begin ] --START--
INFO: Run Behavior\ReadHtmlCacheBehavior [ RunTime:0.000461s ]
INFO: [ app_begin ] --END-- [ RunTime:0.000537s ]
SQL: SHOW COLUMNS FROM `sp_goods` [ RunTime:0.0011s ]
SQL: SELECT c.cat_id,g.goods_id,g.goods_s_logo,g.goods_name,g.goods_introduce,g.goods_price FROM sp_goods g INNER JOIN sp_category c on c.cat_id = g.cat_id  WHERE c.cat_id = 56 ORDER BY g.upd_time LIMIT 9   [ RunTime:0.0004s ]
SQL: SELECT c.cat_id,g.goods_id,g.goods_s_logo,g.goods_name,g.goods_introduce,g.goods_price FROM sp_goods g INNER JOIN sp_category c on c.cat_id = g.cat_id  WHERE c.cat_id = 57 ORDER BY g.upd_time LIMIT 9   [ RunTime:0.0003s ]
NOTIC: [8] Use of undefined constant gzGoods - assumed 'gzGoods' /SouthWestApp/Home/Controller/GoodsController.class.php 第 82 行.
NOTIC: [8] Use of undefined constant qjGoods - assumed 'qjGoods' /SouthWestApp/Home/Controller/GoodsController.class.php 第 83 行.

[ 2018-03-20T09:50:51+08:00 ] 106.108.36.139 /index.php/Home/Goods/getCat
INFO: [ app_init ] --START--
INFO: Run Behavior\BuildLiteBehavior [ RunTime:0.000016s ]
INFO: [ app_init ] --END-- [ RunTime:0.000458s ]
INFO: [ app_begin ] --START--
INFO: Run Behavior\ReadHtmlCacheBehavior [ RunTime:0.000385s ]
INFO: [ app_begin ] --END-- [ RunTime:0.000432s ]
SQL: SHOW COLUMNS FROM `sp_images` [ RunTime:0.0010s ]
SQL: SELECT `img_name`,`img_img` FROM `sp_images` WHERE `img_id` = 33  [ RunTime:0.0002s ]
SQL: SELECT `img_name`,`img_img` FROM `sp_images` WHERE `img_id` = 34  [ RunTime:0.0002s ]
NOTIC: [8] Use of undefined constant gzImg - assumed 'gzImg' /SouthWestApp/Home/Controller/GoodsController.class.php 第 35 行.
NOTIC: [8] Use of undefined constant qjImg - assumed 'qjImg' /SouthWestApp/Home/Controller/GoodsController.class.php 第 36 行.

[ 2018-03-20T09:50:54+08:00 ] 106.108.36.139 /index.php/Home/Index/RecommetPerTenGoodsList
INFO: [ app_init ] --START--
INFO: Run Behavior\BuildLiteBehavior [ RunTime:0.000015s ]
INFO: [ app_init ] --END-- [ RunTime:0.000301s ]
INFO: [ app_begin ] --START--
INFO: Run Behavior\ReadHtmlCacheBehavior [ RunTime:0.000399s ]
INFO: [ app_begin ] --END-- [ RunTime:0.000447s ]
SQL: SHOW COLUMNS FROM `sp_goods` [ RunTime:0.0011s ]
SQL: SELECT `goods_id`,`goods_s_logo`,`goods_name`,`goods_introduce`,`goods_price` FROM `sp_goods` WHERE `is_rec` = '1' ORDER BY goods_id LIMIT 0,10   [ RunTime:0.0004s ]
NOTIC: [8] Use of undefined constant goodTenList - assumed 'goodTenList' /SouthWestApp/Home/Controller/IndexController.class.php 第 237 行.

[ 2018-03-20T09:50:57+08:00 ] 117.136.17.237 /index.php/Home/Index/RecommetPerTenGoodsList
INFO: [ app_init ] --START--
INFO: Run Behavior\BuildLiteBehavior [ RunTime:0.000018s ]
INFO: [ app_init ] --END-- [ RunTime:0.000375s ]
INFO: [ app_begin ] --START--
INFO: Run Behavior\ReadHtmlCacheBehavior [ RunTime:0.000559s ]
INFO: [ app_begin ] --END-- [ RunTime:0.000610s ]
SQL: SHOW COLUMNS FROM `sp_goods` [ RunTime:0.0010s ]
SQL: SELECT `goods_id`,`goods_s_logo`,`goods_name`,`goods_introduce`,`goods_price` FROM `sp_goods` WHERE `is_rec` = '1' ORDER BY goods_id LIMIT 0,10   [ RunTime:0.0003s ]
NOTIC: [8] Use of undefined constant goodTenList - assumed 'goodTenList' /SouthWestApp/Home/Controller/IndexController.class.php 第 237 行.

[ 2018-03-20T09:50:59+08:00 ] 117.136.17.237 /index.php/Home/Dynamic/getAllDynamicList
INFO: [ app_init ] --START--
INFO: Run Behavior\BuildLiteBehavior [ RunTime:0.000013s ]
INFO: [ app_init ] --END-- [ RunTime:0.000312s ]
INFO: [ app_begin ] --START--
INFO: Run Behavior\ReadHtmlCacheBehavior [ RunTime:0.000346s ]
INFO: [ app_begin ] --END-- [ RunTime:0.000388s ]
SQL: SHOW COLUMNS FROM `sp_dynamic` [ RunTime:0.0009s ]
SQL: SELECT `dyn_id`,`dyn_pho_headimg`,`dyn_title`,`dyn_content`,left(from_unixtime(upd_time),16) upd_time FROM `sp_dynamic` ORDER BY upd_time  [ RunTime:0.0003s ]

[ 2018-03-20T09:50:59+08:00 ] 117.136.17.237 /index.php/Home/Dynamic/getBynamicCat
INFO: [ app_init ] --START--
INFO: Run Behavior\BuildLiteBehavior [ RunTime:0.000023s ]
INFO: [ app_init ] --END-- [ RunTime:0.000349s ]
INFO: [ app_begin ] --START--
INFO: Run Behavior\ReadHtmlCacheBehavior [ RunTime:0.000374s ]
INFO: [ app_begin ] --END-- [ RunTime:0.000424s ]
SQL: SHOW COLUMNS FROM `sp_category` [ RunTime:0.0008s ]
SQL: SELECT `cat_id`,`cat_name` FROM `sp_category` WHERE `cat_pid` = 58  [ RunTime:0.0002s ]
NOTIC: [8] Use of undefined constant dymamicCat - assumed 'dymamicCat' /SouthWestApp/Home/Controller/DynamicController.class.php 第 30 行.

[ 2018-03-20T09:51:02+08:00 ] 117.136.17.237 /index.php/Home/Index/RecommetPerTenGoodsList
INFO: [ app_init ] --START--
INFO: Run Behavior\BuildLiteBehavior [ RunTime:0.000015s ]
INFO: [ app_init ] --END-- [ RunTime:0.000273s ]
INFO: [ app_begin ] --START--
INFO: Run Behavior\ReadHtmlCacheBehavior [ RunTime:0.000391s ]
INFO: [ app_begin ] --END-- [ RunTime:0.000436s ]
SQL: SHOW COLUMNS FROM `sp_goods` [ RunTime:0.0009s ]
SQL: SELECT `goods_id`,`goods_s_logo`,`goods_name`,`goods_introduce`,`goods_price` FROM `sp_goods` WHERE `is_rec` = '1' ORDER BY goods_id LIMIT 0,10   [ RunTime:0.0003s ]
NOTIC: [8] Use of undefined constant goodTenList - assumed 'goodTenList' /SouthWestApp/Home/Controller/IndexController.class.php 第 237 行.

[ 2018-03-20T09:55:12+08:00 ] 106.108.36.139 /index.php/Home/Index/RecommetPerTenGoodsList
INFO: [ app_init ] --START--
INFO: Run Behavior\BuildLiteBehavior [ RunTime:0.000019s ]
INFO: [ app_init ] --END-- [ RunTime:0.000353s ]
INFO: [ app_begin ] --START--
INFO: Run Behavior\ReadHtmlCacheBehavior [ RunTime:0.000363s ]
INFO: [ app_begin ] --END-- [ RunTime:0.000424s ]
SQL: SHOW COLUMNS FROM `sp_goods` [ RunTime:0.0010s ]
SQL: SELECT `goods_id`,`goods_s_logo`,`goods_name`,`goods_introduce`,`goods_price` FROM `sp_goods` WHERE `is_rec` = '1' ORDER BY goods_id LIMIT 0,10   [ RunTime:0.0003s ]
NOTIC: [8] Use of undefined constant goodTenList - assumed 'goodTenList' /SouthWestApp/Home/Controller/IndexController.class.php 第 237 行.

[ 2018-03-20T09:55:15+08:00 ] 106.108.36.139 /index.php/Home/Index/homeservice
INFO: [ app_init ] --START--
INFO: Run Behavior\BuildLiteBehavior [ RunTime:0.000015s ]
INFO: [ app_init ] --END-- [ RunTime:0.000302s ]
INFO: [ app_begin ] --START--
INFO: Run Behavior\ReadHtmlCacheBehavior [ RunTime:0.000319s ]
INFO: [ app_begin ] --END-- [ RunTime:0.000364s ]
SQL: SHOW COLUMNS FROM `sp_category` [ RunTime:0.0009s ]
SQL: SELECT `cat_id`,`cat_name` FROM `sp_category`  [ RunTime:0.0002s ]
SQL: SHOW COLUMNS FROM `sp_yuangong` [ RunTime:0.0006s ]
SQL: SELECT y.yuangong_id,y.yuangong_s_tx,y.yuangong_name,y.yuangong_jianjie,y.yg_star,y.yuangong_price FROM sp_yuangong y INNER JOIN sp_category c on c.cat_id = y.cat_id  WHERE c.cat_id = 10 ORDER BY y.upd_time LIMIT 6   [ RunTime:0.0003s ]
SQL: SELECT y.yuangong_id,y.yuangong_s_tx,y.yuangong_name,y.yuangong_jianjie,y.yg_star,y.yuangong_price FROM sp_yuangong y INNER JOIN sp_category c on c.cat_id = y.cat_id  WHERE c.cat_id = 11 ORDER BY y.upd_time LIMIT 6   [ RunTime:0.0002s ]
SQL: SELECT y.yuangong_id,y.yuangong_s_tx,y.yuangong_name,y.yuangong_jianjie,y.yg_star,y.yuangong_price FROM sp_yuangong y INNER JOIN sp_category c on c.cat_id = y.cat_id  WHERE c.cat_id = 12 ORDER BY y.upd_time LIMIT 6   [ RunTime:0.0002s ]
SQL: SELECT y.yuangong_id,y.yuangong_s_tx,y.yuangong_name,y.yuangong_jianjie,y.yg_star,y.yuangong_price FROM sp_yuangong y INNER JOIN sp_category c on c.cat_id = y.cat_id  WHERE c.cat_id = 13 ORDER BY y.upd_time LIMIT 6   [ RunTime:0.0002s ]
SQL: SELECT y.yuangong_id,y.yuangong_s_tx,y.yuangong_name,y.yuangong_jianjie,y.yg_star,y.yuangong_price FROM sp_yuangong y INNER JOIN sp_category c on c.cat_id = y.cat_id  WHERE c.cat_id = 14 ORDER BY y.upd_time LIMIT 6   [ RunTime:0.0002s ]
SQL: SELECT y.yuangong_id,y.yuangong_s_tx,y.yuangong_name,y.yuangong_jianjie,y.yg_star,y.yuangong_price FROM sp_yuangong y INNER JOIN sp_category c on c.cat_id = y.cat_id  WHERE c.cat_id = 15 ORDER BY y.upd_time LIMIT 6   [ RunTime:0.0002s ]
SQL: SELECT y.yuangong_id,y.yuangong_s_tx,y.yuangong_name,y.yuangong_jianjie,y.yg_star,y.yuangong_price FROM sp_yuangong y INNER JOIN sp_category c on c.cat_id = y.cat_id  WHERE c.cat_id = 16 ORDER BY y.upd_time LIMIT 6   [ RunTime:0.0002s ]
SQL: SELECT y.yuangong_id,y.yuangong_s_tx,y.yuangong_name,y.yuangong_jianjie,y.yg_star,y.yuangong_price FROM sp_yuangong y INNER JOIN sp_category c on c.cat_id = y.cat_id  WHERE c.cat_id = 17 ORDER BY y.upd_time LIMIT 6   [ RunTime:0.0002s ]
NOTIC: [8] Use of undefined constant cleaner - assumed 'cleaner' /SouthWestApp/Home/Controller/IndexController.class.php 第 95 行.
NOTIC: [8] Use of undefined constant duenna - assumed 'duenna' /SouthWestApp/Home/Controller/IndexController.class.php 第 96 行.
NOTIC: [8] Use of undefined constant nutritionist - assumed 'nutritionist' /SouthWestApp/Home/Controller/IndexController.class.php 第 97 行.
NOTIC: [8] Use of undefined constant nursery - assumed 'nursery' /SouthWestApp/Home/Controller/IndexController.class.php 第 98 行.
NOTIC: [8] Use of undefined constant prolactor - assumed 'prolactor' /SouthWestApp/Home/Controller/IndexController.class.php 第 99 行.
NOTIC: [8] Use of undefined constant careworker - assumed 'careworker' /SouthWestApp/Home/Controller/IndexController.class.php 第 100 行.
NOTIC: [8] Use of undefined constant ewclean - assumed 'ewclean' /SouthWestApp/Home/Controller/IndexController.class.php 第 101 行.
NOTIC: [8] Use of undefined constant pipeulock - assumed 'pipeulock' /SouthWestApp/Home/Controller/IndexController.class.php 第 102 行.

[ 2018-03-20T09:55:18+08:00 ] 106.108.36.139 /index.php/Home/Index/getOneEmployeeDetail
INFO: [ app_init ] --START--
INFO: Run Behavior\BuildLiteBehavior [ RunTime:0.000013s ]
INFO: [ app_init ] --END-- [ RunTime:0.000282s ]
INFO: [ app_begin ] --START--
INFO: Run Behavior\ReadHtmlCacheBehavior [ RunTime:0.000448s ]
INFO: [ app_begin ] --END-- [ RunTime:0.000506s ]
SQL: SHOW COLUMNS FROM `sp_yuangong` [ RunTime:0.0010s ]
SQL: SHOW COLUMNS FROM `sp_comment` [ RunTime:0.0006s ]
SQL: SHOW COLUMNS FROM `sp_address` [ RunTime:0.0005s ]
SQL: SELECT `yuangong_b_tx`,`yuangong_s_tx`,`yuangong_name`,`service_num`,`yuangong_jianjie`,`yuangong_tuijian`,`yuangong_price` FROM `sp_yuangong` WHERE `yuangong_id` = 71  [ RunTime:0.0003s ]
NOTIC: [8] Use of undefined constant employeeinfo - assumed 'employeeinfo' /SouthWestApp/Home/Controller/IndexController.class.php 第 193 行.

[ 2018-03-20T09:55:18+08:00 ] 106.108.36.139 /index.php/Home/Comment/getCmtList
INFO: [ app_init ] --START--
INFO: Run Behavior\BuildLiteBehavior [ RunTime:0.000017s ]
INFO: [ app_init ] --END-- [ RunTime:0.000339s ]
INFO: [ app_begin ] --START--
INFO: Run Behavior\ReadHtmlCacheBehavior [ RunTime:0.000356s ]
INFO: [ app_begin ] --END-- [ RunTime:0.000405s ]
SQL: SHOW COLUMNS FROM `sp_user` [ RunTime:0.0013s ]
SQL: SELECT `user_id`,`username`,`phone`,`regtime`,`logintime`,`loginip` FROM `sp_user` WHERE `token` = 'IvkQhlLSyvjvHOa+XuEaseEIpSZM8VUMKOmZ1EdIorcU2UNg9o5xlMS7Yd5ZbFkQ9BnDQXJQLTY9klOyxoYJI7S1d1vuNuuU0qgtGxPgJV0=' LIMIT 1   [ RunTime:0.0003s ]
SQL: SHOW COLUMNS FROM `sp_comment` [ RunTime:0.0006s ]
SQL: SELECT u.username,u.user_pho,c.cmt_id,c.cmt_msg,c.cmt_star,left(from_unixtime(c.add_time),16) cmttime FROM sp_comment c INNER JOIN sp_user u on c.user_id=u.user_id  WHERE `yuangong_id` = '71' ORDER BY c.cmt_id desc LIMIT 0,5   [ RunTime:0.0003s ]
SQL: SELECT `cmt_id` FROM `sp_comment` WHERE `yuangong_id` = 71  [ RunTime:0.0002s ]
SQL: SHOW COLUMNS FROM `sp_back` [ RunTime:0.0007s ]
SQL: SELECT u.username,u.user_pho,b.back_msg,b.back_id,left(from_unixtime(b.add_time),16) backtime,b.cmt_id FROM sp_back b INNER JOIN sp_user u on b.user_id=u.user_id  WHERE b.cmt_id IN ('127') AND b.is_show = '0'  [ RunTime:0.0003s ]
NOTIC: [8] Use of undefined constant all_count - assumed 'all_count' /SouthWestApp/Home/Controller/CommentController.class.php 第 208 行.
NOTIC: [8] Use of undefined constant comment - assumed 'comment' /SouthWestApp/Home/Controller/CommentController.class.php 第 209 行.

[ 2018-03-20T09:55:18+08:00 ] 106.108.36.139 /index.php/Home/Shop/getCartInfo
INFO: [ app_init ] --START--
INFO: Run Behavior\BuildLiteBehavior [ RunTime:0.000014s ]
INFO: [ app_init ] --END-- [ RunTime:0.000264s ]
INFO: [ app_begin ] --START--
INFO: Run Behavior\ReadHtmlCacheBehavior [ RunTime:0.000384s ]
INFO: [ app_begin ] --END-- [ RunTime:0.000448s ]
SQL: SHOW COLUMNS FROM `sp_user` [ RunTime:0.0010s ]
SQL: SELECT `user_id`,`username`,`phone`,`regtime`,`logintime`,`loginip` FROM `sp_user` WHERE `token` = 'IvkQhlLSyvjvHOa+XuEaseEIpSZM8VUMKOmZ1EdIorcU2UNg9o5xlMS7Yd5ZbFkQ9BnDQXJQLTY9klOyxoYJI7S1d1vuNuuU0qgtGxPgJV0=' LIMIT 1   [ RunTime:0.0003s ]
SQL: SHOW COLUMNS FROM `sp_goodshop` [ RunTime:0.0008s ]
SQL: SELECT * FROM `sp_goodshop` WHERE `user_id` = 167  [ RunTime:0.0002s ]

[ 2018-03-20T09:55:23+08:00 ] 106.108.36.139 /index.php/Home/Index/RecommetPerTenGoodsList
INFO: [ app_init ] --START--
INFO: Run Behavior\BuildLiteBehavior [ RunTime:0.000015s ]
INFO: [ app_init ] --END-- [ RunTime:0.000362s ]
INFO: [ app_begin ] --START--
INFO: Run Behavior\ReadHtmlCacheBehavior [ RunTime:0.000391s ]
INFO: [ app_begin ] --END-- [ RunTime:0.000449s ]
SQL: SHOW COLUMNS FROM `sp_goods` [ RunTime:0.0010s ]
SQL: SELECT `goods_id`,`goods_s_logo`,`goods_name`,`goods_introduce`,`goods_price` FROM `sp_goods` WHERE `is_rec` = '1' ORDER BY goods_id LIMIT 0,10   [ RunTime:0.0003s ]
NOTIC: [8] Use of undefined constant goodTenList - assumed 'goodTenList' /SouthWestApp/Home/Controller/IndexController.class.php 第 237 行.

[ 2018-03-20T09:55:27+08:00 ] 106.108.36.139 /index.php/Home/Index/homeservice
INFO: [ app_init ] --START--
INFO: Run Behavior\BuildLiteBehavior [ RunTime:0.000056s ]
INFO: [ app_init ] --END-- [ RunTime:0.000408s ]
INFO: [ app_begin ] --START--
INFO: Run Behavior\ReadHtmlCacheBehavior [ RunTime:0.000348s ]
INFO: [ app_begin ] --END-- [ RunTime:0.000392s ]
SQL: SHOW COLUMNS FROM `sp_category` [ RunTime:0.0008s ]
SQL: SELECT `cat_id`,`cat_name` FROM `sp_category`  [ RunTime:0.0002s ]
SQL: SHOW COLUMNS FROM `sp_yuangong` [ RunTime:0.0009s ]
SQL: SELECT y.yuangong_id,y.yuangong_s_tx,y.yuangong_name,y.yuangong_jianjie,y.yg_star,y.yuangong_price FROM sp_yuangong y INNER JOIN sp_category c on c.cat_id = y.cat_id  WHERE c.cat_id = 10 ORDER BY y.upd_time LIMIT 6   [ RunTime:0.0004s ]
SQL: SELECT y.yuangong_id,y.yuangong_s_tx,y.yuangong_name,y.yuangong_jianjie,y.yg_star,y.yuangong_price FROM sp_yuangong y INNER JOIN sp_category c on c.cat_id = y.cat_id  WHERE c.cat_id = 11 ORDER BY y.upd_time LIMIT 6   [ RunTime:0.0003s ]
SQL: SELECT y.yuangong_id,y.yuangong_s_tx,y.yuangong_name,y.yuangong_jianjie,y.yg_star,y.yuangong_price FROM sp_yuangong y INNER JOIN sp_category c on c.cat_id = y.cat_id  WHERE c.cat_id = 12 ORDER BY y.upd_time LIMIT 6   [ RunTime:0.0003s ]
SQL: SELECT y.yuangong_id,y.yuangong_s_tx,y.yuangong_name,y.yuangong_jianjie,y.yg_star,y.yuangong_price FROM sp_yuangong y INNER JOIN sp_category c on c.cat_id = y.cat_id  WHERE c.cat_id = 13 ORDER BY y.upd_time LIMIT 6   [ RunTime:0.0006s ]
SQL: SELECT y.yuangong_id,y.yuangong_s_tx,y.yuangong_name,y.yuangong_jianjie,y.yg_star,y.yuangong_price FROM sp_yuangong y INNER JOIN sp_category c on c.cat_id = y.cat_id  WHERE c.cat_id = 14 ORDER BY y.upd_time LIMIT 6   [ RunTime:0.0003s ]
SQL: SELECT y.yuangong_id,y.yuangong_s_tx,y.yuangong_name,y.yuangong_jianjie,y.yg_star,y.yuangong_price FROM sp_yuangong y INNER JOIN sp_category c on c.cat_id = y.cat_id  WHERE c.cat_id = 15 ORDER BY y.upd_time LIMIT 6   [ RunTime:0.0003s ]
SQL: SELECT y.yuangong_id,y.yuangong_s_tx,y.yuangong_name,y.yuangong_jianjie,y.yg_star,y.yuangong_price FROM sp_yuangong y INNER JOIN sp_category c on c.cat_id = y.cat_id  WHERE c.cat_id = 16 ORDER BY y.upd_time LIMIT 6   [ RunTime:0.0002s ]
SQL: SELECT y.yuangong_id,y.yuangong_s_tx,y.yuangong_name,y.yuangong_jianjie,y.yg_star,y.yuangong_price FROM sp_yuangong y INNER JOIN sp_category c on c.cat_id = y.cat_id  WHERE c.cat_id = 17 ORDER BY y.upd_time LIMIT 6   [ RunTime:0.0002s ]
NOTIC: [8] Use of undefined constant cleaner - assumed 'cleaner' /SouthWestApp/Home/Controller/IndexController.class.php 第 95 行.
NOTIC: [8] Use of undefined constant duenna - assumed 'duenna' /SouthWestApp/Home/Controller/IndexController.class.php 第 96 行.
NOTIC: [8] Use of undefined constant nutritionist - assumed 'nutritionist' /SouthWestApp/Home/Controller/IndexController.class.php 第 97 行.
NOTIC: [8] Use of undefined constant nursery - assumed 'nursery' /SouthWestApp/Home/Controller/IndexController.class.php 第 98 行.
NOTIC: [8] Use of undefined constant prolactor - assumed 'prolactor' /SouthWestApp/Home/Controller/IndexController.class.php 第 99 行.
NOTIC: [8] Use of undefined constant careworker - assumed 'careworker' /SouthWestApp/Home/Controller/IndexController.class.php 第 100 行.
NOTIC: [8] Use of undefined constant ewclean - assumed 'ewclean' /SouthWestApp/Home/Controller/IndexController.class.php 第 101 行.
NOTIC: [8] Use of undefined constant pipeulock - assumed 'pipeulock' /SouthWestApp/Home/Controller/IndexController.class.php 第 102 行.

[ 2018-03-20T09:55:34+08:00 ] 220.197.181.65 /index.php/Home/Index/homeservice
INFO: [ app_init ] --START--
INFO: Run Behavior\BuildLiteBehavior [ RunTime:0.000017s ]
INFO: [ app_init ] --END-- [ RunTime:0.000350s ]
INFO: [ app_begin ] --START--
INFO: Run Behavior\ReadHtmlCacheBehavior [ RunTime:0.000387s ]
INFO: [ app_begin ] --END-- [ RunTime:0.000443s ]
SQL: SHOW COLUMNS FROM `sp_category` [ RunTime:0.0010s ]
SQL: SELECT `cat_id`,`cat_name` FROM `sp_category`  [ RunTime:0.0003s ]
SQL: SHOW COLUMNS FROM `sp_yuangong` [ RunTime:0.0010s ]
SQL: SELECT y.yuangong_id,y.yuangong_s_tx,y.yuangong_name,y.yuangong_jianjie,y.yg_star,y.yuangong_price FROM sp_yuangong y INNER JOIN sp_category c on c.cat_id = y.cat_id  WHERE c.cat_id = 10 ORDER BY y.upd_time LIMIT 6   [ RunTime:0.0004s ]
SQL: SELECT y.yuangong_id,y.yuangong_s_tx,y.yuangong_name,y.yuangong_jianjie,y.yg_star,y.yuangong_price FROM sp_yuangong y INNER JOIN sp_category c on c.cat_id = y.cat_id  WHERE c.cat_id = 11 ORDER BY y.upd_time LIMIT 6   [ RunTime:0.0003s ]
SQL: SELECT y.yuangong_id,y.yuangong_s_tx,y.yuangong_name,y.yuangong_jianjie,y.yg_star,y.yuangong_price FROM sp_yuangong y INNER JOIN sp_category c on c.cat_id = y.cat_id  WHERE c.cat_id = 12 ORDER BY y.upd_time LIMIT 6   [ RunTime:0.0004s ]
SQL: SELECT y.yuangong_id,y.yuangong_s_tx,y.yuangong_name,y.yuangong_jianjie,y.yg_star,y.yuangong_price FROM sp_yuangong y INNER JOIN sp_category c on c.cat_id = y.cat_id  WHERE c.cat_id = 13 ORDER BY y.upd_time LIMIT 6   [ RunTime:0.0003s ]
SQL: SELECT y.yuangong_id,y.yuangong_s_tx,y.yuangong_name,y.yuangong_jianjie,y.yg_star,y.yuangong_price FROM sp_yuangong y INNER JOIN sp_category c on c.cat_id = y.cat_id  WHERE c.cat_id = 14 ORDER BY y.upd_time LIMIT 6   [ RunTime:0.0002s ]
SQL: SELECT y.yuangong_id,y.yuangong_s_tx,y.yuangong_name,y.yuangong_jianjie,y.yg_star,y.yuangong_price FROM sp_yuangong y INNER JOIN sp_category c on c.cat_id = y.cat_id  WHERE c.cat_id = 15 ORDER BY y.upd_time LIMIT 6   [ RunTime:0.0004s ]
SQL: SELECT y.yuangong_id,y.yuangong_s_tx,y.yuangong_name,y.yuangong_jianjie,y.yg_star,y.yuangong_price FROM sp_yuangong y INNER JOIN sp_category c on c.cat_id = y.cat_id  WHERE c.cat_id = 16 ORDER BY y.upd_time LIMIT 6   [ RunTime:0.0004s ]
SQL: SELECT y.yuangong_id,y.yuangong_s_tx,y.yuangong_name,y.yuangong_jianjie,y.yg_star,y.yuangong_price FROM sp_yuangong y INNER JOIN sp_category c on c.cat_id = y.cat_id  WHERE c.cat_id = 17 ORDER BY y.upd_time LIMIT 6   [ RunTime:0.0004s ]
NOTIC: [8] Use of undefined constant cleaner - assumed 'cleaner' /SouthWestApp/Home/Controller/IndexController.class.php 第 95 行.
NOTIC: [8] Use of undefined constant duenna - assumed 'duenna' /SouthWestApp/Home/Controller/IndexController.class.php 第 96 行.
NOTIC: [8] Use of undefined constant nutritionist - assumed 'nutritionist' /SouthWestApp/Home/Controller/IndexController.class.php 第 97 行.
NOTIC: [8] Use of undefined constant nursery - assumed 'nursery' /SouthWestApp/Home/Controller/IndexController.class.php 第 98 行.
NOTIC: [8] Use of undefined constant prolactor - assumed 'prolactor' /SouthWestApp/Home/Controller/IndexController.class.php 第 99 行.
NOTIC: [8] Use of undefined constant careworker - assumed 'careworker' /SouthWestApp/Home/Controller/IndexController.class.php 第 100 行.
NOTIC: [8] Use of undefined constant ewclean - assumed 'ewclean' /SouthWestApp/Home/Controller/IndexController.class.php 第 101 行.
NOTIC: [8] Use of undefined constant pipeulock - assumed 'pipeulock' /SouthWestApp/Home/Controller/IndexController.class.php 第 102 行.

[ 2018-03-20T09:55:39+08:00 ] 106.108.36.139 /index.php/Home/Index/RecommetPerTenGoodsList
INFO: [ app_init ] --START--
INFO: Run Behavior\BuildLiteBehavior [ RunTime:0.000016s ]
INFO: [ app_init ] --END-- [ RunTime:0.000442s ]
INFO: [ app_begin ] --START--
INFO: Run Behavior\ReadHtmlCacheBehavior [ RunTime:0.000464s ]
INFO: [ app_begin ] --END-- [ RunTime:0.000509s ]
SQL: SHOW COLUMNS FROM `sp_goods` [ RunTime:0.0010s ]
SQL: SELECT `goods_id`,`goods_s_logo`,`goods_name`,`goods_introduce`,`goods_price` FROM `sp_goods` WHERE `is_rec` = '1' ORDER BY goods_id LIMIT 0,10   [ RunTime:0.0004s ]
NOTIC: [8] Use of undefined constant goodTenList - assumed 'goodTenList' /SouthWestApp/Home/Controller/IndexController.class.php 第 237 行.

[ 2018-03-20T09:55:44+08:00 ] 220.197.181.65 /index.php/Home/Training/getTrainList
INFO: [ app_init ] --START--
INFO: Run Behavior\BuildLiteBehavior [ RunTime:0.000046s ]
INFO: [ app_init ] --END-- [ RunTime:0.000381s ]
INFO: [ app_begin ] --START--
INFO: Run Behavior\ReadHtmlCacheBehavior [ RunTime:0.000422s ]
INFO: [ app_begin ] --END-- [ RunTime:0.000474s ]
SQL: SHOW COLUMNS FROM `sp_training` [ RunTime:0.0011s ]
SQL: SELECT `train_id`,`train_cname`,`train_teacher`,`train_way`,left(from_unixtime(add_time),16) add_time FROM `sp_training` ORDER BY upd_time  [ RunTime:0.0003s ]
INFO: [ app_end ] --START--
INFO: Run Behavior\ShowPageTraceBehavior [ RunTime:0.000605s ]
INFO: [ app_end ] --END-- [ RunTime:0.000676s ]

[ 2018-03-20T09:55:49+08:00 ] 220.197.181.65 /index.php/Home/Bigcustomer/getCustomerList
INFO: [ app_init ] --START--
INFO: Run Behavior\BuildLiteBehavior [ RunTime:0.000018s ]
INFO: [ app_init ] --END-- [ RunTime:0.000311s ]
INFO: [ app_begin ] --START--
INFO: Run Behavior\ReadHtmlCacheBehavior [ RunTime:0.000369s ]
INFO: [ app_begin ] --END-- [ RunTime:0.000418s ]
SQL: SHOW COLUMNS FROM `sp_bigcustomer` [ RunTime:0.0010s ]
SQL: SELECT `bct_simg` FROM `sp_bigcustomer` ORDER BY upd_time  [ RunTime:0.0002s ]
INFO: [ app_end ] --START--
INFO: Run Behavior\ShowPageTraceBehavior [ RunTime:0.000577s ]
INFO: [ app_end ] --END-- [ RunTime:0.000646s ]

[ 2018-03-20T09:55:51+08:00 ] 220.197.181.65 /index.php/Home/Hire/getHireList
INFO: [ app_init ] --START--
INFO: Run Behavior\BuildLiteBehavior [ RunTime:0.000017s ]
INFO: [ app_init ] --END-- [ RunTime:0.000280s ]
INFO: [ app_begin ] --START--
INFO: Run Behavior\ReadHtmlCacheBehavior [ RunTime:0.000411s ]
INFO: [ app_begin ] --END-- [ RunTime:0.000454s ]
SQL: SHOW COLUMNS FROM `sp_hire` [ RunTime:0.0012s ]
SQL: SELECT `hire_id`,`hire_name`,`hire_area`,`work_area`,left(from_unixtime(upd_time),16) upd_time FROM `sp_hire` ORDER BY upd_time  [ RunTime:0.0003s ]
INFO: [ app_end ] --START--
INFO: Run Behavior\ShowPageTraceBehavior [ RunTime:0.000515s ]
INFO: [ app_end ] --END-- [ RunTime:0.000573s ]

[ 2018-03-20T09:55:54+08:00 ] 220.197.181.65 /index.php/Home/Goods/shopSixRecord
INFO: [ app_init ] --START--
INFO: Run Behavior\BuildLiteBehavior [ RunTime:0.000013s ]
INFO: [ app_init ] --END-- [ RunTime:0.000251s ]
INFO: [ app_begin ] --START--
INFO: Run Behavior\ReadHtmlCacheBehavior [ RunTime:0.000371s ]
INFO: [ app_begin ] --END-- [ RunTime:0.000414s ]
SQL: SHOW COLUMNS FROM `sp_goods` [ RunTime:0.0009s ]
SQL: SELECT c.cat_id,g.goods_id,g.goods_s_logo,g.goods_name,g.goods_introduce,g.goods_price FROM sp_goods g INNER JOIN sp_category c on c.cat_id = g.cat_id  WHERE c.cat_id = 56 ORDER BY g.upd_time LIMIT 9   [ RunTime:0.0004s ]
SQL: SELECT c.cat_id,g.goods_id,g.goods_s_logo,g.goods_name,g.goods_introduce,g.goods_price FROM sp_goods g INNER JOIN sp_category c on c.cat_id = g.cat_id  WHERE c.cat_id = 57 ORDER BY g.upd_time LIMIT 9   [ RunTime:0.0003s ]
NOTIC: [8] Use of undefined constant gzGoods - assumed 'gzGoods' /SouthWestApp/Home/Controller/GoodsController.class.php 第 82 行.
NOTIC: [8] Use of undefined constant qjGoods - assumed 'qjGoods' /SouthWestApp/Home/Controller/GoodsController.class.php 第 83 行.

[ 2018-03-20T09:55:54+08:00 ] 220.197.181.65 /index.php/Home/Goods/getCat
INFO: [ app_init ] --START--
INFO: Run Behavior\BuildLiteBehavior [ RunTime:0.000019s ]
INFO: [ app_init ] --END-- [ RunTime:0.000416s ]
INFO: [ app_begin ] --START--
INFO: Run Behavior\ReadHtmlCacheBehavior [ RunTime:0.000543s ]
INFO: [ app_begin ] --END-- [ RunTime:0.000613s ]
SQL: SHOW COLUMNS FROM `sp_images` [ RunTime:0.0011s ]
SQL: SELECT `img_name`,`img_img` FROM `sp_images` WHERE `img_id` = 33  [ RunTime:0.0003s ]
SQL: SELECT `img_name`,`img_img` FROM `sp_images` WHERE `img_id` = 34  [ RunTime:0.0001s ]
NOTIC: [8] Use of undefined constant gzImg - assumed 'gzImg' /SouthWestApp/Home/Controller/GoodsController.class.php 第 35 行.
NOTIC: [8] Use of undefined constant qjImg - assumed 'qjImg' /SouthWestApp/Home/Controller/GoodsController.class.php 第 36 行.

[ 2018-03-20T09:55:57+08:00 ] 220.197.181.65 /index.php/Home/Index/homeservice
INFO: [ app_init ] --START--
INFO: Run Behavior\BuildLiteBehavior [ RunTime:0.000014s ]
INFO: [ app_init ] --END-- [ RunTime:0.000285s ]
INFO: [ app_begin ] --START--
INFO: Run Behavior\ReadHtmlCacheBehavior [ RunTime:0.000325s ]
INFO: [ app_begin ] --END-- [ RunTime:0.000368s ]
SQL: SHOW COLUMNS FROM `sp_category` [ RunTime:0.0008s ]
SQL: SELECT `cat_id`,`cat_name` FROM `sp_category`  [ RunTime:0.0002s ]
SQL: SHOW COLUMNS FROM `sp_yuangong` [ RunTime:0.0007s ]
SQL: SELECT y.yuangong_id,y.yuangong_s_tx,y.yuangong_name,y.yuangong_jianjie,y.yg_star,y.yuangong_price FROM sp_yuangong y INNER JOIN sp_category c on c.cat_id = y.cat_id  WHERE c.cat_id = 10 ORDER BY y.upd_time LIMIT 6   [ RunTime:0.0003s ]
SQL: SELECT y.yuangong_id,y.yuangong_s_tx,y.yuangong_name,y.yuangong_jianjie,y.yg_star,y.yuangong_price FROM sp_yuangong y INNER JOIN sp_category c on c.cat_id = y.cat_id  WHERE c.cat_id = 11 ORDER BY y.upd_time LIMIT 6   [ RunTime:0.0002s ]
SQL: SELECT y.yuangong_id,y.yuangong_s_tx,y.yuangong_name,y.yuangong_jianjie,y.yg_star,y.yuangong_price FROM sp_yuangong y INNER JOIN sp_category c on c.cat_id = y.cat_id  WHERE c.cat_id = 12 ORDER BY y.upd_time LIMIT 6   [ RunTime:0.0002s ]
SQL: SELECT y.yuangong_id,y.yuangong_s_tx,y.yuangong_name,y.yuangong_jianjie,y.yg_star,y.yuangong_price FROM sp_yuangong y INNER JOIN sp_category c on c.cat_id = y.cat_id  WHERE c.cat_id = 13 ORDER BY y.upd_time LIMIT 6   [ RunTime:0.0002s ]
SQL: SELECT y.yuangong_id,y.yuangong_s_tx,y.yuangong_name,y.yuangong_jianjie,y.yg_star,y.yuangong_price FROM sp_yuangong y INNER JOIN sp_category c on c.cat_id = y.cat_id  WHERE c.cat_id = 14 ORDER BY y.upd_time LIMIT 6   [ RunTime:0.0002s ]
SQL: SELECT y.yuangong_id,y.yuangong_s_tx,y.yuangong_name,y.yuangong_jianjie,y.yg_star,y.yuangong_price FROM sp_yuangong y INNER JOIN sp_category c on c.cat_id = y.cat_id  WHERE c.cat_id = 15 ORDER BY y.upd_time LIMIT 6   [ RunTime:0.0002s ]
SQL: SELECT y.yuangong_id,y.yuangong_s_tx,y.yuangong_name,y.yuangong_jianjie,y.yg_star,y.yuangong_price FROM sp_yuangong y INNER JOIN sp_category c on c.cat_id = y.cat_id  WHERE c.cat_id = 16 ORDER BY y.upd_time LIMIT 6   [ RunTime:0.0002s ]
SQL: SELECT y.yuangong_id,y.yuangong_s_tx,y.yuangong_name,y.yuangong_jianjie,y.yg_star,y.yuangong_price FROM sp_yuangong y INNER JOIN sp_category c on c.cat_id = y.cat_id  WHERE c.cat_id = 17 ORDER BY y.upd_time LIMIT 6   [ RunTime:0.0002s ]
NOTIC: [8] Use of undefined constant cleaner - assumed 'cleaner' /SouthWestApp/Home/Controller/IndexController.class.php 第 95 行.
NOTIC: [8] Use of undefined constant duenna - assumed 'duenna' /SouthWestApp/Home/Controller/IndexController.class.php 第 96 行.
NOTIC: [8] Use of undefined constant nutritionist - assumed 'nutritionist' /SouthWestApp/Home/Controller/IndexController.class.php 第 97 行.
NOTIC: [8] Use of undefined constant nursery - assumed 'nursery' /SouthWestApp/Home/Controller/IndexController.class.php 第 98 行.
NOTIC: [8] Use of undefined constant prolactor - assumed 'prolactor' /SouthWestApp/Home/Controller/IndexController.class.php 第 99 行.
NOTIC: [8] Use of undefined constant careworker - assumed 'careworker' /SouthWestApp/Home/Controller/IndexController.class.php 第 100 行.
NOTIC: [8] Use of undefined constant ewclean - assumed 'ewclean' /SouthWestApp/Home/Controller/IndexController.class.php 第 101 行.
NOTIC: [8] Use of undefined constant pipeulock - assumed 'pipeulock' /SouthWestApp/Home/Controller/IndexController.class.php 第 102 行.

[ 2018-03-20T09:56:00+08:00 ] 220.197.181.65 /index.php/Home/Goods/shopSixRecord
INFO: [ app_init ] --START--
INFO: Run Behavior\BuildLiteBehavior [ RunTime:0.000013s ]
INFO: [ app_init ] --END-- [ RunTime:0.000252s ]
INFO: [ app_begin ] --START--
INFO: Run Behavior\ReadHtmlCacheBehavior [ RunTime:0.000323s ]
INFO: [ app_begin ] --END-- [ RunTime:0.000367s ]
SQL: SHOW COLUMNS FROM `sp_goods` [ RunTime:0.0009s ]
SQL: SELECT c.cat_id,g.goods_id,g.goods_s_logo,g.goods_name,g.goods_introduce,g.goods_price FROM sp_goods g INNER JOIN sp_category c on c.cat_id = g.cat_id  WHERE c.cat_id = 56 ORDER BY g.upd_time LIMIT 9   [ RunTime:0.0004s ]
SQL: SELECT c.cat_id,g.goods_id,g.goods_s_logo,g.goods_name,g.goods_introduce,g.goods_price FROM sp_goods g INNER JOIN sp_category c on c.cat_id = g.cat_id  WHERE c.cat_id = 57 ORDER BY g.upd_time LIMIT 9   [ RunTime:0.0002s ]
NOTIC: [8] Use of undefined constant gzGoods - assumed 'gzGoods' /SouthWestApp/Home/Controller/GoodsController.class.php 第 82 行.
NOTIC: [8] Use of undefined constant qjGoods - assumed 'qjGoods' /SouthWestApp/Home/Controller/GoodsController.class.php 第 83 行.

[ 2018-03-20T10:01:57+08:00 ] 163.177.13.2 /
INFO: [ app_init ] --START--
INFO: Run Behavior\BuildLiteBehavior [ RunTime:0.000015s ]
INFO: [ app_init ] --END-- [ RunTime:0.000270s ]
INFO: [ app_begin ] --START--
INFO: Run Behavior\ReadHtmlCacheBehavior [ RunTime:0.000371s ]
INFO: [ app_begin ] --END-- [ RunTime:0.000415s ]
INFO: [ view_parse ] --START--
INFO: [ template_filter ] --START--
INFO: Run Behavior\ContentReplaceBehavior [ RunTime:0.000030s ]
INFO: [ template_filter ] --END-- [ RunTime:0.000079s ]
INFO: Run Behavior\ParseTemplateBehavior [ RunTime:0.005085s ]
INFO: [ view_parse ] --END-- [ RunTime:0.005130s ]
INFO: [ view_filter ] --START--
INFO: Run Behavior\WriteHtmlCacheBehavior [ RunTime:0.000121s ]
INFO: [ view_filter ] --END-- [ RunTime:0.000154s ]
INFO: [ app_end ] --START--
INFO: Run Behavior\ShowPageTraceBehavior [ RunTime:0.000498s ]
INFO: [ app_end ] --END-- [ RunTime:0.000538s ]

[ 2018-03-20T11:01:53+08:00 ] 121.42.241.59 /
INFO: [ app_init ] --START--
INFO: Run Behavior\BuildLiteBehavior [ RunTime:0.000022s ]
INFO: [ app_init ] --END-- [ RunTime:0.000423s ]
INFO: [ app_begin ] --START--
INFO: Run Behavior\ReadHtmlCacheBehavior [ RunTime:0.000510s ]
INFO: [ app_begin ] --END-- [ RunTime:0.000570s ]
INFO: [ view_parse ] --START--
INFO: [ template_filter ] --START--
INFO: Run Behavior\ContentReplaceBehavior [ RunTime:0.000043s ]
INFO: [ template_filter ] --END-- [ RunTime:0.000120s ]
INFO: Run Behavior\ParseTemplateBehavior [ RunTime:0.005499s ]
INFO: [ view_parse ] --END-- [ RunTime:0.005569s ]
INFO: [ view_filter ] --START--
INFO: Run Behavior\WriteHtmlCacheBehavior [ RunTime:0.000131s ]
INFO: [ view_filter ] --END-- [ RunTime:0.000165s ]
INFO: [ app_end ] --START--
INFO: Run Behavior\ShowPageTraceBehavior [ RunTime:0.000479s ]
INFO: [ app_end ] --END-- [ RunTime:0.000543s ]

[ 2018-03-20T11:10:33+08:00 ] 117.136.17.238 /index.php/Home/Index/RecommetPerTenGoodsList
INFO: [ app_init ] --START--
INFO: Run Behavior\BuildLiteBehavior [ RunTime:0.000017s ]
INFO: [ app_init ] --END-- [ RunTime:0.000312s ]
INFO: [ app_begin ] --START--
INFO: Run Behavior\ReadHtmlCacheBehavior [ RunTime:0.000411s ]
INFO: [ app_begin ] --END-- [ RunTime:0.000460s ]
SQL: SHOW COLUMNS FROM `sp_goods` [ RunTime:0.0010s ]
SQL: SELECT `goods_id`,`goods_s_logo`,`goods_name`,`goods_introduce`,`goods_price` FROM `sp_goods` WHERE `is_rec` = '1' ORDER BY goods_id LIMIT 0,10   [ RunTime:0.0004s ]
NOTIC: [8] Use of undefined constant goodTenList - assumed 'goodTenList' /SouthWestApp/Home/Controller/IndexController.class.php 第 237 行.

[ 2018-03-20T11:47:05+08:00 ] 117.136.17.245 /index.php/Home/Index/homeservice
INFO: [ app_init ] --START--
INFO: Run Behavior\BuildLiteBehavior [ RunTime:0.000015s ]
INFO: [ app_init ] --END-- [ RunTime:0.000281s ]
INFO: [ app_begin ] --START--
INFO: Run Behavior\ReadHtmlCacheBehavior [ RunTime:0.000367s ]
INFO: [ app_begin ] --END-- [ RunTime:0.000411s ]
SQL: SHOW COLUMNS FROM `sp_category` [ RunTime:0.0009s ]
SQL: SELECT `cat_id`,`cat_name` FROM `sp_category`  [ RunTime:0.0002s ]
SQL: SHOW COLUMNS FROM `sp_yuangong` [ RunTime:0.0006s ]
SQL: SELECT y.yuangong_id,y.yuangong_s_tx,y.yuangong_name,y.yuangong_jianjie,y.yg_star,y.yuangong_price FROM sp_yuangong y INNER JOIN sp_category c on c.cat_id = y.cat_id  WHERE c.cat_id = 10 ORDER BY y.upd_time LIMIT 6   [ RunTime:0.0003s ]
SQL: SELECT y.yuangong_id,y.yuangong_s_tx,y.yuangong_name,y.yuangong_jianjie,y.yg_star,y.yuangong_price FROM sp_yuangong y INNER JOIN sp_category c on c.cat_id = y.cat_id  WHERE c.cat_id = 11 ORDER BY y.upd_time LIMIT 6   [ RunTime:0.0002s ]
SQL: SELECT y.yuangong_id,y.yuangong_s_tx,y.yuangong_name,y.yuangong_jianjie,y.yg_star,y.yuangong_price FROM sp_yuangong y INNER JOIN sp_category c on c.cat_id = y.cat_id  WHERE c.cat_id = 12 ORDER BY y.upd_time LIMIT 6   [ RunTime:0.0002s ]
SQL: SELECT y.yuangong_id,y.yuangong_s_tx,y.yuangong_name,y.yuangong_jianjie,y.yg_star,y.yuangong_price FROM sp_yuangong y INNER JOIN sp_category c on c.cat_id = y.cat_id  WHERE c.cat_id = 13 ORDER BY y.upd_time LIMIT 6   [ RunTime:0.0002s ]
SQL: SELECT y.yuangong_id,y.yuangong_s_tx,y.yuangong_name,y.yuangong_jianjie,y.yg_star,y.yuangong_price FROM sp_yuangong y INNER JOIN sp_category c on c.cat_id = y.cat_id  WHERE c.cat_id = 14 ORDER BY y.upd_time LIMIT 6   [ RunTime:0.0002s ]
SQL: SELECT y.yuangong_id,y.yuangong_s_tx,y.yuangong_name,y.yuangong_jianjie,y.yg_star,y.yuangong_price FROM sp_yuangong y INNER JOIN sp_category c on c.cat_id = y.cat_id  WHERE c.cat_id = 15 ORDER BY y.upd_time LIMIT 6   [ RunTime:0.0002s ]
SQL: SELECT y.yuangong_id,y.yuangong_s_tx,y.yuangong_name,y.yuangong_jianjie,y.yg_star,y.yuangong_price FROM sp_yuangong y INNER JOIN sp_category c on c.cat_id = y.cat_id  WHERE c.cat_id = 16 ORDER BY y.upd_time LIMIT 6   [ RunTime:0.0002s ]
SQL: SELECT y.yuangong_id,y.yuangong_s_tx,y.yuangong_name,y.yuangong_jianjie,y.yg_star,y.yuangong_price FROM sp_yuangong y INNER JOIN sp_category c on c.cat_id = y.cat_id  WHERE c.cat_id = 17 ORDER BY y.upd_time LIMIT 6   [ RunTime:0.0003s ]
NOTIC: [8] Use of undefined constant cleaner - assumed 'cleaner' /SouthWestApp/Home/Controller/IndexController.class.php 第 95 行.
NOTIC: [8] Use of undefined constant duenna - assumed 'duenna' /SouthWestApp/Home/Controller/IndexController.class.php 第 96 行.
NOTIC: [8] Use of undefined constant nutritionist - assumed 'nutritionist' /SouthWestApp/Home/Controller/IndexController.class.php 第 97 行.
NOTIC: [8] Use of undefined constant nursery - assumed 'nursery' /SouthWestApp/Home/Controller/IndexController.class.php 第 98 行.
NOTIC: [8] Use of undefined constant prolactor - assumed 'prolactor' /SouthWestApp/Home/Controller/IndexController.class.php 第 99 行.
NOTIC: [8] Use of undefined constant careworker - assumed 'careworker' /SouthWestApp/Home/Controller/IndexController.class.php 第 100 行.
NOTIC: [8] Use of undefined constant ewclean - assumed 'ewclean' /SouthWestApp/Home/Controller/IndexController.class.php 第 101 行.
NOTIC: [8] Use of undefined constant pipeulock - assumed 'pipeulock' /SouthWestApp/Home/Controller/IndexController.class.php 第 102 行.

[ 2018-03-20T11:47:33+08:00 ] 117.136.17.245 /index.php/Home/Index/RecommetPerTenGoodsList
INFO: [ app_init ] --START--
INFO: Run Behavior\BuildLiteBehavior [ RunTime:0.000013s ]
INFO: [ app_init ] --END-- [ RunTime:0.000256s ]
INFO: [ app_begin ] --START--
INFO: Run Behavior\ReadHtmlCacheBehavior [ RunTime:0.000352s ]
INFO: [ app_begin ] --END-- [ RunTime:0.000416s ]
SQL: SHOW COLUMNS FROM `sp_goods` [ RunTime:0.0009s ]
SQL: SELECT `goods_id`,`goods_s_logo`,`goods_name`,`goods_introduce`,`goods_price` FROM `sp_goods` WHERE `is_rec` = '1' ORDER BY goods_id LIMIT 0,10   [ RunTime:0.0003s ]
NOTIC: [8] Use of undefined constant goodTenList - assumed 'goodTenList' /SouthWestApp/Home/Controller/IndexController.class.php 第 237 行.

[ 2018-03-20T11:49:56+08:00 ] 117.136.17.245 /index.php/Home/Index/homeservice
INFO: [ app_init ] --START--
INFO: Run Behavior\BuildLiteBehavior [ RunTime:0.000014s ]
INFO: [ app_init ] --END-- [ RunTime:0.000272s ]
INFO: [ app_begin ] --START--
INFO: Run Behavior\ReadHtmlCacheBehavior [ RunTime:0.000324s ]
INFO: [ app_begin ] --END-- [ RunTime:0.000367s ]
SQL: SHOW COLUMNS FROM `sp_category` [ RunTime:0.0008s ]
SQL: SELECT `cat_id`,`cat_name` FROM `sp_category`  [ RunTime:0.0002s ]
SQL: SHOW COLUMNS FROM `sp_yuangong` [ RunTime:0.0006s ]
SQL: SELECT y.yuangong_id,y.yuangong_s_tx,y.yuangong_name,y.yuangong_jianjie,y.yg_star,y.yuangong_price FROM sp_yuangong y INNER JOIN sp_category c on c.cat_id = y.cat_id  WHERE c.cat_id = 10 ORDER BY y.upd_time LIMIT 6   [ RunTime:0.0003s ]
SQL: SELECT y.yuangong_id,y.yuangong_s_tx,y.yuangong_name,y.yuangong_jianjie,y.yg_star,y.yuangong_price FROM sp_yuangong y INNER JOIN sp_category c on c.cat_id = y.cat_id  WHERE c.cat_id = 11 ORDER BY y.upd_time LIMIT 6   [ RunTime:0.0003s ]
SQL: SELECT y.yuangong_id,y.yuangong_s_tx,y.yuangong_name,y.yuangong_jianjie,y.yg_star,y.yuangong_price FROM sp_yuangong y INNER JOIN sp_category c on c.cat_id = y.cat_id  WHERE c.cat_id = 12 ORDER BY y.upd_time LIMIT 6   [ RunTime:0.0002s ]
SQL: SELECT y.yuangong_id,y.yuangong_s_tx,y.yuangong_name,y.yuangong_jianjie,y.yg_star,y.yuangong_price FROM sp_yuangong y INNER JOIN sp_category c on c.cat_id = y.cat_id  WHERE c.cat_id = 13 ORDER BY y.upd_time LIMIT 6   [ RunTime:0.0002s ]
SQL: SELECT y.yuangong_id,y.yuangong_s_tx,y.yuangong_name,y.yuangong_jianjie,y.yg_star,y.yuangong_price FROM sp_yuangong y INNER JOIN sp_category c on c.cat_id = y.cat_id  WHERE c.cat_id = 14 ORDER BY y.upd_time LIMIT 6   [ RunTime:0.0002s ]
SQL: SELECT y.yuangong_id,y.yuangong_s_tx,y.yuangong_name,y.yuangong_jianjie,y.yg_star,y.yuangong_price FROM sp_yuangong y INNER JOIN sp_category c on c.cat_id = y.cat_id  WHERE c.cat_id = 15 ORDER BY y.upd_time LIMIT 6   [ RunTime:0.0002s ]
SQL: SELECT y.yuangong_id,y.yuangong_s_tx,y.yuangong_name,y.yuangong_jianjie,y.yg_star,y.yuangong_price FROM sp_yuangong y INNER JOIN sp_category c on c.cat_id = y.cat_id  WHERE c.cat_id = 16 ORDER BY y.upd_time LIMIT 6   [ RunTime:0.0002s ]
SQL: SELECT y.yuangong_id,y.yuangong_s_tx,y.yuangong_name,y.yuangong_jianjie,y.yg_star,y.yuangong_price FROM sp_yuangong y INNER JOIN sp_category c on c.cat_id = y.cat_id  WHERE c.cat_id = 17 ORDER BY y.upd_time LIMIT 6   [ RunTime:0.0002s ]
NOTIC: [8] Use of undefined constant cleaner - assumed 'cleaner' /SouthWestApp/Home/Controller/IndexController.class.php 第 95 行.
NOTIC: [8] Use of undefined constant duenna - assumed 'duenna' /SouthWestApp/Home/Controller/IndexController.class.php 第 96 行.
NOTIC: [8] Use of undefined constant nutritionist - assumed 'nutritionist' /SouthWestApp/Home/Controller/IndexController.class.php 第 97 行.
NOTIC: [8] Use of undefined constant nursery - assumed 'nursery' /SouthWestApp/Home/Controller/IndexController.class.php 第 98 行.
NOTIC: [8] Use of undefined constant prolactor - assumed 'prolactor' /SouthWestApp/Home/Controller/IndexController.class.php 第 99 行.
NOTIC: [8] Use of undefined constant careworker - assumed 'careworker' /SouthWestApp/Home/Controller/IndexController.class.php 第 100 行.
NOTIC: [8] Use of undefined constant ewclean - assumed 'ewclean' /SouthWestApp/Home/Controller/IndexController.class.php 第 101 行.
NOTIC: [8] Use of undefined constant pipeulock - assumed 'pipeulock' /SouthWestApp/Home/Controller/IndexController.class.php 第 102 行.

[ 2018-03-20T11:49:58+08:00 ] 117.136.17.245 /index.php/Home/Index/RecommetPerTenGoodsList
INFO: [ app_init ] --START--
INFO: Run Behavior\BuildLiteBehavior [ RunTime:0.000012s ]
INFO: [ app_init ] --END-- [ RunTime:0.000251s ]
INFO: [ app_begin ] --START--
INFO: Run Behavior\ReadHtmlCacheBehavior [ RunTime:0.000442s ]
INFO: [ app_begin ] --END-- [ RunTime:0.000485s ]
SQL: SHOW COLUMNS FROM `sp_goods` [ RunTime:0.0009s ]
SQL: SELECT `goods_id`,`goods_s_logo`,`goods_name`,`goods_introduce`,`goods_price` FROM `sp_goods` WHERE `is_rec` = '1' ORDER BY goods_id LIMIT 0,10   [ RunTime:0.0003s ]
NOTIC: [8] Use of undefined constant goodTenList - assumed 'goodTenList' /SouthWestApp/Home/Controller/IndexController.class.php 第 237 行.

[ 2018-03-20T11:50:00+08:00 ] 117.136.17.245 /index.php/Home/Training/getTrainList
INFO: [ app_init ] --START--
INFO: Run Behavior\BuildLiteBehavior [ RunTime:0.000014s ]
INFO: [ app_init ] --END-- [ RunTime:0.000285s ]
INFO: [ app_begin ] --START--
INFO: Run Behavior\ReadHtmlCacheBehavior [ RunTime:0.000354s ]
INFO: [ app_begin ] --END-- [ RunTime:0.000406s ]
SQL: SHOW COLUMNS FROM `sp_training` [ RunTime:0.0009s ]
SQL: SELECT `train_id`,`train_cname`,`train_teacher`,`train_way`,left(from_unixtime(add_time),16) add_time FROM `sp_training` ORDER BY upd_time  [ RunTime:0.0002s ]
INFO: [ app_end ] --START--
INFO: Run Behavior\ShowPageTraceBehavior [ RunTime:0.000392s ]
INFO: [ app_end ] --END-- [ RunTime:0.000433s ]

[ 2018-03-20T11:50:02+08:00 ] 117.136.17.245 /index.php/Home/Index/RecommetPerTenGoodsList
INFO: [ app_init ] --START--
INFO: Run Behavior\BuildLiteBehavior [ RunTime:0.000051s ]
INFO: [ app_init ] --END-- [ RunTime:0.000455s ]
INFO: [ app_begin ] --START--
INFO: Run Behavior\ReadHtmlCacheBehavior [ RunTime:0.000327s ]
INFO: [ app_begin ] --END-- [ RunTime:0.000371s ]
SQL: SHOW COLUMNS FROM `sp_goods` [ RunTime:0.0013s ]
SQL: SELECT `goods_id`,`goods_s_logo`,`goods_name`,`goods_introduce`,`goods_price` FROM `sp_goods` WHERE `is_rec` = '1' ORDER BY goods_id LIMIT 0,10   [ RunTime:0.0003s ]
NOTIC: [8] Use of undefined constant goodTenList - assumed 'goodTenList' /SouthWestApp/Home/Controller/IndexController.class.php 第 237 行.

[ 2018-03-20T11:50:03+08:00 ] 117.136.17.245 /index.php/Home/Training/getTrainList
INFO: [ app_init ] --START--
INFO: Run Behavior\BuildLiteBehavior [ RunTime:0.000015s ]
INFO: [ app_init ] --END-- [ RunTime:0.000263s ]
INFO: [ app_begin ] --START--
INFO: Run Behavior\ReadHtmlCacheBehavior [ RunTime:0.000419s ]
INFO: [ app_begin ] --END-- [ RunTime:0.000463s ]
SQL: SHOW COLUMNS FROM `sp_training` [ RunTime:0.0011s ]
SQL: SELECT `train_id`,`train_cname`,`train_teacher`,`train_way`,left(from_unixtime(add_time),16) add_time FROM `sp_training` ORDER BY upd_time  [ RunTime:0.0002s ]
INFO: [ app_end ] --START--
INFO: Run Behavior\ShowPageTraceBehavior [ RunTime:0.000599s ]
INFO: [ app_end ] --END-- [ RunTime:0.000662s ]

[ 2018-03-20T11:50:07+08:00 ] 117.136.17.245 /index.php/Home/Index/RecommetPerTenGoodsList
INFO: [ app_init ] --START--
INFO: Run Behavior\BuildLiteBehavior [ RunTime:0.000014s ]
INFO: [ app_init ] --END-- [ RunTime:0.000283s ]
INFO: [ app_begin ] --START--
INFO: Run Behavior\ReadHtmlCacheBehavior [ RunTime:0.000440s ]
INFO: [ app_begin ] --END-- [ RunTime:0.000486s ]
SQL: SHOW COLUMNS FROM `sp_goods` [ RunTime:0.0011s ]
SQL: SELECT `goods_id`,`goods_s_logo`,`goods_name`,`goods_introduce`,`goods_price` FROM `sp_goods` WHERE `is_rec` = '1' ORDER BY goods_id LIMIT 0,10   [ RunTime:0.0003s ]
NOTIC: [8] Use of undefined constant goodTenList - assumed 'goodTenList' /SouthWestApp/Home/Controller/IndexController.class.php 第 237 行.

[ 2018-03-20T11:52:42+08:00 ] 117.136.17.245 /index.php/Home/Index/RecommetPerTenGoodsList
INFO: [ app_init ] --START--
INFO: Run Behavior\BuildLiteBehavior [ RunTime:0.000014s ]
INFO: [ app_init ] --END-- [ RunTime:0.000319s ]
INFO: [ app_begin ] --START--
INFO: Run Behavior\ReadHtmlCacheBehavior [ RunTime:0.000315s ]
INFO: [ app_begin ] --END-- [ RunTime:0.000357s ]
SQL: SHOW COLUMNS FROM `sp_goods` [ RunTime:0.0010s ]
SQL: SELECT `goods_id`,`goods_s_logo`,`goods_name`,`goods_introduce`,`goods_price` FROM `sp_goods` WHERE `is_rec` = '1' ORDER BY goods_id LIMIT 0,10   [ RunTime:0.0003s ]
NOTIC: [8] Use of undefined constant goodTenList - assumed 'goodTenList' /SouthWestApp/Home/Controller/IndexController.class.php 第 237 行.

[ 2018-03-20T11:52:46+08:00 ] 117.136.17.245 /index.php/Home/Index/homeservice
INFO: [ app_init ] --START--
INFO: Run Behavior\BuildLiteBehavior [ RunTime:0.000014s ]
INFO: [ app_init ] --END-- [ RunTime:0.000255s ]
INFO: [ app_begin ] --START--
INFO: Run Behavior\ReadHtmlCacheBehavior [ RunTime:0.000345s ]
INFO: [ app_begin ] --END-- [ RunTime:0.000388s ]
SQL: SHOW COLUMNS FROM `sp_category` [ RunTime:0.0009s ]
SQL: SELECT `cat_id`,`cat_name` FROM `sp_category`  [ RunTime:0.0002s ]
SQL: SHOW COLUMNS FROM `sp_yuangong` [ RunTime:0.0006s ]
SQL: SELECT y.yuangong_id,y.yuangong_s_tx,y.yuangong_name,y.yuangong_jianjie,y.yg_star,y.yuangong_price FROM sp_yuangong y INNER JOIN sp_category c on c.cat_id = y.cat_id  WHERE c.cat_id = 10 ORDER BY y.upd_time LIMIT 6   [ RunTime:0.0003s ]
SQL: SELECT y.yuangong_id,y.yuangong_s_tx,y.yuangong_name,y.yuangong_jianjie,y.yg_star,y.yuangong_price FROM sp_yuangong y INNER JOIN sp_category c on c.cat_id = y.cat_id  WHERE c.cat_id = 11 ORDER BY y.upd_time LIMIT 6   [ RunTime:0.0002s ]
SQL: SELECT y.yuangong_id,y.yuangong_s_tx,y.yuangong_name,y.yuangong_jianjie,y.yg_star,y.yuangong_price FROM sp_yuangong y INNER JOIN sp_category c on c.cat_id = y.cat_id  WHERE c.cat_id = 12 ORDER BY y.upd_time LIMIT 6   [ RunTime:0.0002s ]
SQL: SELECT y.yuangong_id,y.yuangong_s_tx,y.yuangong_name,y.yuangong_jianjie,y.yg_star,y.yuangong_price FROM sp_yuangong y INNER JOIN sp_category c on c.cat_id = y.cat_id  WHERE c.cat_id = 13 ORDER BY y.upd_time LIMIT 6   [ RunTime:0.0002s ]
SQL: SELECT y.yuangong_id,y.yuangong_s_tx,y.yuangong_name,y.yuangong_jianjie,y.yg_star,y.yuangong_price FROM sp_yuangong y INNER JOIN sp_category c on c.cat_id = y.cat_id  WHERE c.cat_id = 14 ORDER BY y.upd_time LIMIT 6   [ RunTime:0.0002s ]
SQL: SELECT y.yuangong_id,y.yuangong_s_tx,y.yuangong_name,y.yuangong_jianjie,y.yg_star,y.yuangong_price FROM sp_yuangong y INNER JOIN sp_category c on c.cat_id = y.cat_id  WHERE c.cat_id = 15 ORDER BY y.upd_time LIMIT 6   [ RunTime:0.0002s ]
SQL: SELECT y.yuangong_id,y.yuangong_s_tx,y.yuangong_name,y.yuangong_jianjie,y.yg_star,y.yuangong_price FROM sp_yuangong y INNER JOIN sp_category c on c.cat_id = y.cat_id  WHERE c.cat_id = 16 ORDER BY y.upd_time LIMIT 6   [ RunTime:0.0002s ]
SQL: SELECT y.yuangong_id,y.yuangong_s_tx,y.yuangong_name,y.yuangong_jianjie,y.yg_star,y.yuangong_price FROM sp_yuangong y INNER JOIN sp_category c on c.cat_id = y.cat_id  WHERE c.cat_id = 17 ORDER BY y.upd_time LIMIT 6   [ RunTime:0.0002s ]
NOTIC: [8] Use of undefined constant cleaner - assumed 'cleaner' /SouthWestApp/Home/Controller/IndexController.class.php 第 95 行.
NOTIC: [8] Use of undefined constant duenna - assumed 'duenna' /SouthWestApp/Home/Controller/IndexController.class.php 第 96 行.
NOTIC: [8] Use of undefined constant nutritionist - assumed 'nutritionist' /SouthWestApp/Home/Controller/IndexController.class.php 第 97 行.
NOTIC: [8] Use of undefined constant nursery - assumed 'nursery' /SouthWestApp/Home/Controller/IndexController.class.php 第 98 行.
NOTIC: [8] Use of undefined constant prolactor - assumed 'prolactor' /SouthWestApp/Home/Controller/IndexController.class.php 第 99 行.
NOTIC: [8] Use of undefined constant careworker - assumed 'careworker' /SouthWestApp/Home/Controller/IndexController.class.php 第 100 行.
NOTIC: [8] Use of undefined constant ewclean - assumed 'ewclean' /SouthWestApp/Home/Controller/IndexController.class.php 第 101 行.
NOTIC: [8] Use of undefined constant pipeulock - assumed 'pipeulock' /SouthWestApp/Home/Controller/IndexController.class.php 第 102 行.

[ 2018-03-20T11:52:46+08:00 ] 117.136.17.245 /index.php/Home/Goods/getPerSixGoodsList
INFO: [ app_init ] --START--
INFO: Run Behavior\BuildLiteBehavior [ RunTime:0.000013s ]
INFO: [ app_init ] --END-- [ RunTime:0.000250s ]
INFO: [ app_begin ] --START--
INFO: Run Behavior\ReadHtmlCacheBehavior [ RunTime:0.000380s ]
INFO: [ app_begin ] --END-- [ RunTime:0.000424s ]
SQL: SHOW COLUMNS FROM `sp_goods` [ RunTime:0.0009s ]
SQL: SELECT `goods_id`,`goods_s_logo`,`goods_name`,`goods_introduce`,`goods_price` FROM `sp_goods` WHERE `cat_id` = 57 ORDER BY goods_id LIMIT 0,10   [ RunTime:0.0003s ]
NOTIC: [8] Use of undefined constant goodSixList - assumed 'goodSixList' /SouthWestApp/Home/Controller/GoodsController.class.php 第 121 行.

[ 2018-03-20T11:52:49+08:00 ] 117.136.17.245 /index.php/Home/Index/RecommetPerTenGoodsList
INFO: [ app_init ] --START--
INFO: Run Behavior\BuildLiteBehavior [ RunTime:0.000015s ]
INFO: [ app_init ] --END-- [ RunTime:0.000296s ]
INFO: [ app_begin ] --START--
INFO: Run Behavior\ReadHtmlCacheBehavior [ RunTime:0.000442s ]
INFO: [ app_begin ] --END-- [ RunTime:0.000495s ]
SQL: SHOW COLUMNS FROM `sp_goods` [ RunTime:0.0012s ]
SQL: SELECT `goods_id`,`goods_s_logo`,`goods_name`,`goods_introduce`,`goods_price` FROM `sp_goods` WHERE `is_rec` = '1' ORDER BY goods_id LIMIT 0,10   [ RunTime:0.0003s ]
NOTIC: [8] Use of undefined constant goodTenList - assumed 'goodTenList' /SouthWestApp/Home/Controller/IndexController.class.php 第 237 行.

[ 2018-03-20T11:52:55+08:00 ] 117.136.17.245 /index.php/Home/Index/RecommetPerTenGoodsList
INFO: [ app_init ] --START--
INFO: Run Behavior\BuildLiteBehavior [ RunTime:0.000015s ]
INFO: [ app_init ] --END-- [ RunTime:0.000265s ]
INFO: [ app_begin ] --START--
INFO: Run Behavior\ReadHtmlCacheBehavior [ RunTime:0.000496s ]
INFO: [ app_begin ] --END-- [ RunTime:0.000541s ]
SQL: SHOW COLUMNS FROM `sp_goods` [ RunTime:0.0009s ]
SQL: SELECT `goods_id`,`goods_s_logo`,`goods_name`,`goods_introduce`,`goods_price` FROM `sp_goods` WHERE `is_rec` = '1' ORDER BY goods_id LIMIT 0,10   [ RunTime:0.0003s ]
NOTIC: [8] Use of undefined constant goodTenList - assumed 'goodTenList' /SouthWestApp/Home/Controller/IndexController.class.php 第 237 行.

[ 2018-03-20T11:53:28+08:00 ] 117.136.17.245 /index.php/Home/Index/homeservice
INFO: [ app_init ] --START--
INFO: Run Behavior\BuildLiteBehavior [ RunTime:0.000019s ]
INFO: [ app_init ] --END-- [ RunTime:0.000327s ]
INFO: [ app_begin ] --START--
INFO: Run Behavior\ReadHtmlCacheBehavior [ RunTime:0.000348s ]
INFO: [ app_begin ] --END-- [ RunTime:0.000404s ]
SQL: SHOW COLUMNS FROM `sp_category` [ RunTime:0.0011s ]
SQL: SELECT `cat_id`,`cat_name` FROM `sp_category`  [ RunTime:0.0002s ]
SQL: SHOW COLUMNS FROM `sp_yuangong` [ RunTime:0.0006s ]
SQL: SELECT y.yuangong_id,y.yuangong_s_tx,y.yuangong_name,y.yuangong_jianjie,y.yg_star,y.yuangong_price FROM sp_yuangong y INNER JOIN sp_category c on c.cat_id = y.cat_id  WHERE c.cat_id = 10 ORDER BY y.upd_time LIMIT 6   [ RunTime:0.0003s ]
SQL: SELECT y.yuangong_id,y.yuangong_s_tx,y.yuangong_name,y.yuangong_jianjie,y.yg_star,y.yuangong_price FROM sp_yuangong y INNER JOIN sp_category c on c.cat_id = y.cat_id  WHERE c.cat_id = 11 ORDER BY y.upd_time LIMIT 6   [ RunTime:0.0002s ]
SQL: SELECT y.yuangong_id,y.yuangong_s_tx,y.yuangong_name,y.yuangong_jianjie,y.yg_star,y.yuangong_price FROM sp_yuangong y INNER JOIN sp_category c on c.cat_id = y.cat_id  WHERE c.cat_id = 12 ORDER BY y.upd_time LIMIT 6   [ RunTime:0.0002s ]
SQL: SELECT y.yuangong_id,y.yuangong_s_tx,y.yuangong_name,y.yuangong_jianjie,y.yg_star,y.yuangong_price FROM sp_yuangong y INNER JOIN sp_category c on c.cat_id = y.cat_id  WHERE c.cat_id = 13 ORDER BY y.upd_time LIMIT 6   [ RunTime:0.0002s ]
SQL: SELECT y.yuangong_id,y.yuangong_s_tx,y.yuangong_name,y.yuangong_jianjie,y.yg_star,y.yuangong_price FROM sp_yuangong y INNER JOIN sp_category c on c.cat_id = y.cat_id  WHERE c.cat_id = 14 ORDER BY y.upd_time LIMIT 6   [ RunTime:0.0002s ]
SQL: SELECT y.yuangong_id,y.yuangong_s_tx,y.yuangong_name,y.yuangong_jianjie,y.yg_star,y.yuangong_price FROM sp_yuangong y INNER JOIN sp_category c on c.cat_id = y.cat_id  WHERE c.cat_id = 15 ORDER BY y.upd_time LIMIT 6   [ RunTime:0.0002s ]
SQL: SELECT y.yuangong_id,y.yuangong_s_tx,y.yuangong_name,y.yuangong_jianjie,y.yg_star,y.yuangong_price FROM sp_yuangong y INNER JOIN sp_category c on c.cat_id = y.cat_id  WHERE c.cat_id = 16 ORDER BY y.upd_time LIMIT 6   [ RunTime:0.0002s ]
SQL: SELECT y.yuangong_id,y.yuangong_s_tx,y.yuangong_name,y.yuangong_jianjie,y.yg_star,y.yuangong_price FROM sp_yuangong y INNER JOIN sp_category c on c.cat_id = y.cat_id  WHERE c.cat_id = 17 ORDER BY y.upd_time LIMIT 6   [ RunTime:0.0002s ]
NOTIC: [8] Use of undefined constant cleaner - assumed 'cleaner' /SouthWestApp/Home/Controller/IndexController.class.php 第 95 行.
NOTIC: [8] Use of undefined constant duenna - assumed 'duenna' /SouthWestApp/Home/Controller/IndexController.class.php 第 96 行.
NOTIC: [8] Use of undefined constant nutritionist - assumed 'nutritionist' /SouthWestApp/Home/Controller/IndexController.class.php 第 97 行.
NOTIC: [8] Use of undefined constant nursery - assumed 'nursery' /SouthWestApp/Home/Controller/IndexController.class.php 第 98 行.
NOTIC: [8] Use of undefined constant prolactor - assumed 'prolactor' /SouthWestApp/Home/Controller/IndexController.class.php 第 99 行.
NOTIC: [8] Use of undefined constant careworker - assumed 'careworker' /SouthWestApp/Home/Controller/IndexController.class.php 第 100 行.
NOTIC: [8] Use of undefined constant ewclean - assumed 'ewclean' /SouthWestApp/Home/Controller/IndexController.class.php 第 101 行.
NOTIC: [8] Use of undefined constant pipeulock - assumed 'pipeulock' /SouthWestApp/Home/Controller/IndexController.class.php 第 102 行.

[ 2018-03-20T11:53:32+08:00 ] 117.136.17.245 /index.php/Home/Index/RecommetPerTenGoodsList
INFO: [ app_init ] --START--
INFO: Run Behavior\BuildLiteBehavior [ RunTime:0.000015s ]
INFO: [ app_init ] --END-- [ RunTime:0.000298s ]
INFO: [ app_begin ] --START--
INFO: Run Behavior\ReadHtmlCacheBehavior [ RunTime:0.000325s ]
INFO: [ app_begin ] --END-- [ RunTime:0.000368s ]
SQL: SHOW COLUMNS FROM `sp_goods` [ RunTime:0.0010s ]
SQL: SELECT `goods_id`,`goods_s_logo`,`goods_name`,`goods_introduce`,`goods_price` FROM `sp_goods` WHERE `is_rec` = '1' ORDER BY goods_id LIMIT 0,10   [ RunTime:0.0003s ]
NOTIC: [8] Use of undefined constant goodTenList - assumed 'goodTenList' /SouthWestApp/Home/Controller/IndexController.class.php 第 237 行.

[ 2018-03-20T11:53:34+08:00 ] 117.136.17.245 /index.php/Home/Training/getTrainList
INFO: [ app_init ] --START--
INFO: Run Behavior\BuildLiteBehavior [ RunTime:0.000019s ]
INFO: [ app_init ] --END-- [ RunTime:0.000365s ]
INFO: [ app_begin ] --START--
INFO: Run Behavior\ReadHtmlCacheBehavior [ RunTime:0.000371s ]
INFO: [ app_begin ] --END-- [ RunTime:0.000418s ]
SQL: SHOW COLUMNS FROM `sp_training` [ RunTime:0.0012s ]
SQL: SELECT `train_id`,`train_cname`,`train_teacher`,`train_way`,left(from_unixtime(add_time),16) add_time FROM `sp_training` ORDER BY upd_time  [ RunTime:0.0003s ]
INFO: [ app_end ] --START--
INFO: Run Behavior\ShowPageTraceBehavior [ RunTime:0.000494s ]
INFO: [ app_end ] --END-- [ RunTime:0.000541s ]

[ 2018-03-20T11:53:44+08:00 ] 117.136.17.245 /index.php/Home/Training/getTrainDetail?train_id=47
INFO: [ app_init ] --START--
INFO: Run Behavior\BuildLiteBehavior [ RunTime:0.000019s ]
INFO: [ app_init ] --END-- [ RunTime:0.000344s ]
INFO: [ app_begin ] --START--
INFO: Run Behavior\ReadHtmlCacheBehavior [ RunTime:0.000393s ]
INFO: [ app_begin ] --END-- [ RunTime:0.000443s ]
SQL: SHOW COLUMNS FROM `sp_training` [ RunTime:0.0010s ]
SQL: SELECT * FROM `sp_training` WHERE `train_id` = 47  [ RunTime:0.0003s ]
SQL: SHOW COLUMNS FROM `sp_tinfo` [ RunTime:0.0005s ]
SQL: SELECT `tinfo_item`,`tinfo_content` FROM `sp_tinfo` WHERE `train_id` = 47  [ RunTime:0.0002s ]
INFO: [ app_end ] --START--
INFO: Run Behavior\ShowPageTraceBehavior [ RunTime:0.000455s ]
INFO: [ app_end ] --END-- [ RunTime:0.000516s ]

[ 2018-03-20T12:46:10+08:00 ] 106.11.242.171 /
INFO: [ app_init ] --START--
INFO: Run Behavior\BuildLiteBehavior [ RunTime:0.000014s ]
INFO: [ app_init ] --END-- [ RunTime:0.000256s ]
INFO: [ app_begin ] --START--
INFO: Run Behavior\ReadHtmlCacheBehavior [ RunTime:0.000325s ]
INFO: [ app_begin ] --END-- [ RunTime:0.000369s ]
INFO: [ view_parse ] --START--
INFO: [ template_filter ] --START--
INFO: Run Behavior\ContentReplaceBehavior [ RunTime:0.000035s ]
INFO: [ template_filter ] --END-- [ RunTime:0.000092s ]
INFO: Run Behavior\ParseTemplateBehavior [ RunTime:0.005035s ]
INFO: [ view_parse ] --END-- [ RunTime:0.005083s ]
INFO: [ view_filter ] --START--
INFO: Run Behavior\WriteHtmlCacheBehavior [ RunTime:0.000114s ]
INFO: [ view_filter ] --END-- [ RunTime:0.000146s ]
INFO: [ app_end ] --START--
INFO: Run Behavior\ShowPageTraceBehavior [ RunTime:0.000459s ]
INFO: [ app_end ] --END-- [ RunTime:0.000503s ]

[ 2018-03-20T12:53:15+08:00 ] 36.110.170.250 /
INFO: [ app_init ] --START--
INFO: Run Behavior\BuildLiteBehavior [ RunTime:0.000019s ]
INFO: [ app_init ] --END-- [ RunTime:0.000455s ]
INFO: [ app_begin ] --START--
INFO: Run Behavior\ReadHtmlCacheBehavior [ RunTime:0.000474s ]
INFO: [ app_begin ] --END-- [ RunTime:0.000533s ]
INFO: [ view_parse ] --START--
INFO: [ template_filter ] --START--
INFO: Run Behavior\ContentReplaceBehavior [ RunTime:0.000026s ]
INFO: [ template_filter ] --END-- [ RunTime:0.000074s ]
INFO: Run Behavior\ParseTemplateBehavior [ RunTime:0.004074s ]
INFO: [ view_parse ] --END-- [ RunTime:0.004119s ]
INFO: [ view_filter ] --START--
INFO: Run Behavior\WriteHtmlCacheBehavior [ RunTime:0.000106s ]
INFO: [ view_filter ] --END-- [ RunTime:0.000140s ]
INFO: [ app_end ] --START--
INFO: Run Behavior\ShowPageTraceBehavior [ RunTime:0.000427s ]
INFO: [ app_end ] --END-- [ RunTime:0.000475s ]

[ 2018-03-20T12:55:08+08:00 ] 114.135.245.102 /index.php/Home/Index/RecommetPerTenGoodsList
INFO: [ app_init ] --START--
INFO: Run Behavior\BuildLiteBehavior [ RunTime:0.000015s ]
INFO: [ app_init ] --END-- [ RunTime:0.000437s ]
INFO: [ app_begin ] --START--
INFO: Run Behavior\ReadHtmlCacheBehavior [ RunTime:0.000408s ]
INFO: [ app_begin ] --END-- [ RunTime:0.000453s ]
SQL: SHOW COLUMNS FROM `sp_goods` [ RunTime:0.0012s ]
SQL: SELECT `goods_id`,`goods_s_logo`,`goods_name`,`goods_introduce`,`goods_price` FROM `sp_goods` WHERE `is_rec` = '1' ORDER BY goods_id LIMIT 0,10   [ RunTime:0.0004s ]
NOTIC: [8] Use of undefined constant goodTenList - assumed 'goodTenList' /SouthWestApp/Home/Controller/IndexController.class.php 第 237 行.

[ 2018-03-20T12:55:22+08:00 ] 114.135.245.102 /index.php/Home/Training/getTrainList
INFO: [ app_init ] --START--
INFO: Run Behavior\BuildLiteBehavior [ RunTime:0.000014s ]
INFO: [ app_init ] --END-- [ RunTime:0.000321s ]
INFO: [ app_begin ] --START--
INFO: Run Behavior\ReadHtmlCacheBehavior [ RunTime:0.000351s ]
INFO: [ app_begin ] --END-- [ RunTime:0.000396s ]
SQL: SHOW COLUMNS FROM `sp_training` [ RunTime:0.0010s ]
SQL: SELECT `train_id`,`train_cname`,`train_teacher`,`train_way`,left(from_unixtime(add_time),16) add_time FROM `sp_training` ORDER BY upd_time  [ RunTime:0.0003s ]
INFO: [ app_end ] --START--
INFO: Run Behavior\ShowPageTraceBehavior [ RunTime:0.000819s ]
INFO: [ app_end ] --END-- [ RunTime:0.000907s ]

[ 2018-03-20T13:00:36+08:00 ] 106.109.48.21 /index.php/Home/Index/RecommetPerTenGoodsList
INFO: [ app_init ] --START--
INFO: Run Behavior\BuildLiteBehavior [ RunTime:0.000019s ]
INFO: [ app_init ] --END-- [ RunTime:0.000371s ]
INFO: [ app_begin ] --START--
INFO: Run Behavior\ReadHtmlCacheBehavior [ RunTime:0.000471s ]
INFO: [ app_begin ] --END-- [ RunTime:0.000567s ]
SQL: SHOW COLUMNS FROM `sp_goods` [ RunTime:0.0013s ]
SQL: SELECT `goods_id`,`goods_s_logo`,`goods_name`,`goods_introduce`,`goods_price` FROM `sp_goods` WHERE `is_rec` = '1' ORDER BY goods_id LIMIT 0,10   [ RunTime:0.0004s ]
NOTIC: [8] Use of undefined constant goodTenList - assumed 'goodTenList' /SouthWestApp/Home/Controller/IndexController.class.php 第 237 行.

[ 2018-03-20T13:01:54+08:00 ] 106.109.48.21 /index.php/Home/Index/RecommetPerTenGoodsList
INFO: [ app_init ] --START--
INFO: Run Behavior\BuildLiteBehavior [ RunTime:0.000018s ]
INFO: [ app_init ] --END-- [ RunTime:0.000613s ]
INFO: [ app_begin ] --START--
INFO: Run Behavior\ReadHtmlCacheBehavior [ RunTime:0.000534s ]
INFO: [ app_begin ] --END-- [ RunTime:0.000614s ]
SQL: SHOW COLUMNS FROM `sp_goods` [ RunTime:0.0010s ]
SQL: SELECT `goods_id`,`goods_s_logo`,`goods_name`,`goods_introduce`,`goods_price` FROM `sp_goods` WHERE `is_rec` = '1' ORDER BY goods_id LIMIT 0,10   [ RunTime:0.0003s ]
NOTIC: [8] Use of undefined constant goodTenList - assumed 'goodTenList' /SouthWestApp/Home/Controller/IndexController.class.php 第 237 行.

[ 2018-03-20T13:09:20+08:00 ] 106.39.112.50 /
INFO: [ app_init ] --START--
INFO: Run Behavior\BuildLiteBehavior [ RunTime:0.000018s ]
INFO: [ app_init ] --END-- [ RunTime:0.000317s ]
INFO: [ app_begin ] --START--
INFO: Run Behavior\ReadHtmlCacheBehavior [ RunTime:0.000348s ]
INFO: [ app_begin ] --END-- [ RunTime:0.000414s ]
INFO: [ view_parse ] --START--
INFO: [ template_filter ] --START--
INFO: Run Behavior\ContentReplaceBehavior [ RunTime:0.000025s ]
INFO: [ template_filter ] --END-- [ RunTime:0.000068s ]
INFO: Run Behavior\ParseTemplateBehavior [ RunTime:0.004408s ]
INFO: [ view_parse ] --END-- [ RunTime:0.004449s ]
INFO: [ view_filter ] --START--
INFO: Run Behavior\WriteHtmlCacheBehavior [ RunTime:0.000113s ]
INFO: [ view_filter ] --END-- [ RunTime:0.000145s ]
INFO: [ app_end ] --START--
INFO: Run Behavior\ShowPageTraceBehavior [ RunTime:0.000417s ]
INFO: [ app_end ] --END-- [ RunTime:0.000516s ]

[ 2018-03-20T13:20:07+08:00 ] 117.136.38.55 /index.php/Home/Index/RecommetPerTenGoodsList
INFO: [ app_init ] --START--
INFO: Run Behavior\BuildLiteBehavior [ RunTime:0.000014s ]
INFO: [ app_init ] --END-- [ RunTime:0.000279s ]
INFO: [ app_begin ] --START--
INFO: Run Behavior\ReadHtmlCacheBehavior [ RunTime:0.000336s ]
INFO: [ app_begin ] --END-- [ RunTime:0.000386s ]
ERR: SQLSTATE[42000] [1049] Unknown database 'jiayi'

[ 2018-03-20T13:20:09+08:00 ] 117.136.38.55 /index.php/Home/Goods/shopSixRecord
INFO: [ app_init ] --START--
INFO: Run Behavior\BuildLiteBehavior [ RunTime:0.000015s ]
INFO: [ app_init ] --END-- [ RunTime:0.000346s ]
INFO: [ app_begin ] --START--
INFO: Run Behavior\ReadHtmlCacheBehavior [ RunTime:0.000416s ]
INFO: [ app_begin ] --END-- [ RunTime:0.000461s ]
ERR: SQLSTATE[42000] [1049] Unknown database 'jiayi'

[ 2018-03-20T13:20:09+08:00 ] 117.136.38.55 /index.php/Home/Goods/getCat
INFO: [ app_init ] --START--
INFO: Run Behavior\BuildLiteBehavior [ RunTime:0.000018s ]
INFO: [ app_init ] --END-- [ RunTime:0.000312s ]
INFO: [ app_begin ] --START--
INFO: Run Behavior\ReadHtmlCacheBehavior [ RunTime:0.000360s ]
INFO: [ app_begin ] --END-- [ RunTime:0.000404s ]
ERR: SQLSTATE[42000] [1049] Unknown database 'jiayi'

[ 2018-03-20T13:20:42+08:00 ] 117.136.38.55 /index.php/Home/Index/RecommetPerTenGoodsList
INFO: [ app_init ] --START--
INFO: Run Behavior\BuildLiteBehavior [ RunTime:0.000014s ]
INFO: [ app_init ] --END-- [ RunTime:0.000254s ]
INFO: [ app_begin ] --START--
INFO: Run Behavior\ReadHtmlCacheBehavior [ RunTime:0.000406s ]
INFO: [ app_begin ] --END-- [ RunTime:0.000449s ]
ERR: SQLSTATE[42000] [1049] Unknown database 'jiayi'

[ 2018-03-20T13:20:47+08:00 ] 117.136.38.55 /index.php/Home/Order/getAllOrderList
INFO: [ app_init ] --START--
INFO: Run Behavior\BuildLiteBehavior [ RunTime:0.000013s ]
INFO: [ app_init ] --END-- [ RunTime:0.000258s ]
INFO: [ app_begin ] --START--
INFO: Run Behavior\ReadHtmlCacheBehavior [ RunTime:0.000364s ]
INFO: [ app_begin ] --END-- [ RunTime:0.000418s ]
ERR: SQLSTATE[42000] [1049] Unknown database 'jiayi'

[ 2018-03-20T13:20:49+08:00 ] 117.136.38.55 /index.php/Home/Order/getOrderListByStatus
INFO: [ app_init ] --START--
INFO: Run Behavior\BuildLiteBehavior [ RunTime:0.000018s ]
INFO: [ app_init ] --END-- [ RunTime:0.000343s ]
INFO: [ app_begin ] --START--
INFO: Run Behavior\ReadHtmlCacheBehavior [ RunTime:0.000493s ]
INFO: [ app_begin ] --END-- [ RunTime:0.000554s ]
ERR: SQLSTATE[42000] [1049] Unknown database 'jiayi'

[ 2018-03-20T13:20:50+08:00 ] 117.136.38.55 /index.php/Home/Order/getOrderListByStatus
INFO: [ app_init ] --START--
INFO: Run Behavior\BuildLiteBehavior [ RunTime:0.000014s ]
INFO: [ app_init ] --END-- [ RunTime:0.000281s ]
INFO: [ app_begin ] --START--
INFO: Run Behavior\ReadHtmlCacheBehavior [ RunTime:0.000359s ]
INFO: [ app_begin ] --END-- [ RunTime:0.000406s ]
ERR: SQLSTATE[42000] [1049] Unknown database 'jiayi'

[ 2018-03-20T13:20:51+08:00 ] 117.136.38.55 /index.php/Home/Order/getOrderListByStatus
INFO: [ app_init ] --START--
INFO: Run Behavior\BuildLiteBehavior [ RunTime:0.000016s ]
INFO: [ app_init ] --END-- [ RunTime:0.000273s ]
INFO: [ app_begin ] --START--
INFO: Run Behavior\ReadHtmlCacheBehavior [ RunTime:0.000325s ]
INFO: [ app_begin ] --END-- [ RunTime:0.000369s ]
ERR: SQLSTATE[42000] [1049] Unknown database 'jiayi'

[ 2018-03-20T13:20:51+08:00 ] 117.136.38.55 /index.php/Home/Order/getOrderListByStatus
INFO: [ app_init ] --START--
INFO: Run Behavior\BuildLiteBehavior [ RunTime:0.000014s ]
INFO: [ app_init ] --END-- [ RunTime:0.000307s ]
INFO: [ app_begin ] --START--
INFO: Run Behavior\ReadHtmlCacheBehavior [ RunTime:0.000353s ]
INFO: [ app_begin ] --END-- [ RunTime:0.000397s ]
ERR: SQLSTATE[42000] [1049] Unknown database 'jiayi'

[ 2018-03-20T13:20:54+08:00 ] 117.136.38.55 /index.php/Home/Backinfo/getSelfBinfo
INFO: [ app_init ] --START--
INFO: Run Behavior\BuildLiteBehavior [ RunTime:0.000022s ]
INFO: [ app_init ] --END-- [ RunTime:0.000356s ]
INFO: [ app_begin ] --START--
INFO: Run Behavior\ReadHtmlCacheBehavior [ RunTime:0.000363s ]
INFO: [ app_begin ] --END-- [ RunTime:0.000407s ]
ERR: SQLSTATE[42000] [1049] Unknown database 'jiayi'

[ 2018-03-20T13:28:04+08:00 ] 117.136.38.55 /index.php/Home/Backinfo/getSelfBinfo
INFO: [ app_init ] --START--
INFO: Run Behavior\BuildLiteBehavior [ RunTime:0.000013s ]
INFO: [ app_init ] --END-- [ RunTime:0.000257s ]
INFO: [ app_begin ] --START--
INFO: Run Behavior\ReadHtmlCacheBehavior [ RunTime:0.000405s ]
INFO: [ app_begin ] --END-- [ RunTime:0.000454s ]
ERR: SQLSTATE[42000] [1049] Unknown database 'jiayi'

[ 2018-03-20T13:28:08+08:00 ] 117.136.38.55 /index.php/Home/Index/homeservice
INFO: [ app_init ] --START--
INFO: Run Behavior\BuildLiteBehavior [ RunTime:0.000014s ]
INFO: [ app_init ] --END-- [ RunTime:0.000252s ]
INFO: [ app_begin ] --START--
INFO: Run Behavior\ReadHtmlCacheBehavior [ RunTime:0.000346s ]
INFO: [ app_begin ] --END-- [ RunTime:0.000391s ]
ERR: SQLSTATE[42000] [1049] Unknown database 'jiayi'

[ 2018-03-20T13:32:42+08:00 ] 117.136.38.55 /index.php/Home/User/login?phone=18210042149&password=guo20123762
INFO: [ app_init ] --START--
INFO: Run Behavior\BuildLiteBehavior [ RunTime:0.000015s ]
INFO: [ app_init ] --END-- [ RunTime:0.000261s ]
INFO: [ app_begin ] --START--
INFO: Run Behavior\ReadHtmlCacheBehavior [ RunTime:0.000330s ]
INFO: [ app_begin ] --END-- [ RunTime:0.000372s ]
ERR: SQLSTATE[42000] [1049] Unknown database 'jiayi'

[ 2018-03-20T13:32:42+08:00 ] 117.136.38.55 /index.php/Home/Index/RecommetPerTenGoodsList
INFO: [ app_init ] --START--
INFO: Run Behavior\BuildLiteBehavior [ RunTime:0.000018s ]
INFO: [ app_init ] --END-- [ RunTime:0.000443s ]
INFO: [ app_begin ] --START--
INFO: Run Behavior\ReadHtmlCacheBehavior [ RunTime:0.000416s ]
INFO: [ app_begin ] --END-- [ RunTime:0.000461s ]
ERR: SQLSTATE[42000] [1049] Unknown database 'jiayi'

[ 2018-03-20T13:32:45+08:00 ] 117.136.38.55 /
INFO: [ app_init ] --START--
INFO: Run Behavior\BuildLiteBehavior [ RunTime:0.000023s ]
INFO: [ app_init ] --END-- [ RunTime:0.000318s ]
INFO: [ app_begin ] --START--
INFO: Run Behavior\ReadHtmlCacheBehavior [ RunTime:0.000359s ]
INFO: [ app_begin ] --END-- [ RunTime:0.000414s ]
INFO: [ view_parse ] --START--
INFO: [ template_filter ] --START--
INFO: Run Behavior\ContentReplaceBehavior [ RunTime:0.000028s ]
INFO: [ template_filter ] --END-- [ RunTime:0.000090s ]
INFO: Run Behavior\ParseTemplateBehavior [ RunTime:0.006060s ]
INFO: [ view_parse ] --END-- [ RunTime:0.006102s ]
INFO: [ view_filter ] --START--
INFO: Run Behavior\WriteHtmlCacheBehavior [ RunTime:0.000112s ]
INFO: [ view_filter ] --END-- [ RunTime:0.000145s ]
INFO: [ app_end ] --START--
INFO: Run Behavior\ShowPageTraceBehavior [ RunTime:0.000400s ]
INFO: [ app_end ] --END-- [ RunTime:0.000443s ]

[ 2018-03-20T13:36:04+08:00 ] 117.136.38.55 /index.php/Home/Hire/getHireList
INFO: [ app_init ] --START--
INFO: Run Behavior\BuildLiteBehavior [ RunTime:0.000015s ]
INFO: [ app_init ] --END-- [ RunTime:0.000399s ]
INFO: [ app_begin ] --START--
INFO: Run Behavior\ReadHtmlCacheBehavior [ RunTime:0.000429s ]
INFO: [ app_begin ] --END-- [ RunTime:0.000496s ]
ERR: SQLSTATE[42000] [1049] Unknown database 'jiayi'

[ 2018-03-20T13:36:06+08:00 ] 117.136.38.55 /index.php/Home/Hire/getHireList
INFO: [ app_init ] --START--
INFO: Run Behavior\BuildLiteBehavior [ RunTime:0.000015s ]
INFO: [ app_init ] --END-- [ RunTime:0.000278s ]
INFO: [ app_begin ] --START--
INFO: Run Behavior\ReadHtmlCacheBehavior [ RunTime:0.000421s ]
INFO: [ app_begin ] --END-- [ RunTime:0.000466s ]
ERR: SQLSTATE[42000] [1049] Unknown database 'jiayi'

[ 2018-03-20T13:36:07+08:00 ] 117.136.38.55 /index.php/Home/Hire/getHireList
INFO: [ app_init ] --START--
INFO: Run Behavior\BuildLiteBehavior [ RunTime:0.000015s ]
INFO: [ app_init ] --END-- [ RunTime:0.000278s ]
INFO: [ app_begin ] --START--
INFO: Run Behavior\ReadHtmlCacheBehavior [ RunTime:0.000434s ]
INFO: [ app_begin ] --END-- [ RunTime:0.000492s ]
ERR: SQLSTATE[42000] [1049] Unknown database 'jiayi'

[ 2018-03-20T13:36:09+08:00 ] 117.136.38.55 /index.php/Home/Hire/getHireList
INFO: [ app_init ] --START--
INFO: Run Behavior\BuildLiteBehavior [ RunTime:0.000020s ]
INFO: [ app_init ] --END-- [ RunTime:0.000375s ]
INFO: [ app_begin ] --START--
INFO: Run Behavior\ReadHtmlCacheBehavior [ RunTime:0.000433s ]
INFO: [ app_begin ] --END-- [ RunTime:0.000485s ]
ERR: SQLSTATE[42000] [1049] Unknown database 'jiayi'

[ 2018-03-20T13:36:10+08:00 ] 117.136.38.55 /index.php/Home/Hire/getHireList
INFO: [ app_init ] --START--
INFO: Run Behavior\BuildLiteBehavior [ RunTime:0.000015s ]
INFO: [ app_init ] --END-- [ RunTime:0.000373s ]
INFO: [ app_begin ] --START--
INFO: Run Behavior\ReadHtmlCacheBehavior [ RunTime:0.000408s ]
INFO: [ app_begin ] --END-- [ RunTime:0.000471s ]
ERR: SQLSTATE[42000] [1049] Unknown database 'jiayi'

[ 2018-03-20T13:36:11+08:00 ] 117.136.38.55 /index.php/Home/Hire/getHireList
INFO: [ app_init ] --START--
INFO: Run Behavior\BuildLiteBehavior [ RunTime:0.000020s ]
INFO: [ app_init ] --END-- [ RunTime:0.000320s ]
INFO: [ app_begin ] --START--
INFO: Run Behavior\ReadHtmlCacheBehavior [ RunTime:0.000354s ]
INFO: [ app_begin ] --END-- [ RunTime:0.000420s ]
ERR: SQLSTATE[42000] [1049] Unknown database 'jiayi'

[ 2018-03-20T13:36:12+08:00 ] 117.136.38.55 /index.php/Home/Hire/getHireList
INFO: [ app_init ] --START--
INFO: Run Behavior\BuildLiteBehavior [ RunTime:0.000014s ]
INFO: [ app_init ] --END-- [ RunTime:0.000255s ]
INFO: [ app_begin ] --START--
INFO: Run Behavior\ReadHtmlCacheBehavior [ RunTime:0.000350s ]
INFO: [ app_begin ] --END-- [ RunTime:0.000418s ]
ERR: SQLSTATE[42000] [1049] Unknown database 'jiayi'

[ 2018-03-20T13:36:14+08:00 ] 117.136.38.55 /index.php/Home/Hire/getHireList
INFO: [ app_init ] --START--
INFO: Run Behavior\BuildLiteBehavior [ RunTime:0.000014s ]
INFO: [ app_init ] --END-- [ RunTime:0.000269s ]
INFO: [ app_begin ] --START--
INFO: Run Behavior\ReadHtmlCacheBehavior [ RunTime:0.000345s ]
INFO: [ app_begin ] --END-- [ RunTime:0.000388s ]
ERR: SQLSTATE[42000] [1049] Unknown database 'jiayi'

[ 2018-03-20T13:36:16+08:00 ] 117.136.38.55 /index.php/Home/Goods/shopSixRecord
INFO: [ app_init ] --START--
INFO: Run Behavior\BuildLiteBehavior [ RunTime:0.000044s ]
INFO: [ app_init ] --END-- [ RunTime:0.000318s ]
INFO: [ app_begin ] --START--
INFO: Run Behavior\ReadHtmlCacheBehavior [ RunTime:0.000427s ]
INFO: [ app_begin ] --END-- [ RunTime:0.000477s ]
ERR: SQLSTATE[42000] [1049] Unknown database 'jiayi'

[ 2018-03-20T13:36:16+08:00 ] 117.136.38.55 /index.php/Home/Goods/getCat
INFO: [ app_init ] --START--
INFO: Run Behavior\BuildLiteBehavior [ RunTime:0.000015s ]
INFO: [ app_init ] --END-- [ RunTime:0.000266s ]
INFO: [ app_begin ] --START--
INFO: Run Behavior\ReadHtmlCacheBehavior [ RunTime:0.000438s ]
INFO: [ app_begin ] --END-- [ RunTime:0.000483s ]
ERR: SQLSTATE[42000] [1049] Unknown database 'jiayi'

[ 2018-03-20T13:36:19+08:00 ] 117.136.38.55 /index.php/Home/Index/homeservice
INFO: [ app_init ] --START--
INFO: Run Behavior\BuildLiteBehavior [ RunTime:0.000014s ]
INFO: [ app_init ] --END-- [ RunTime:0.000293s ]
INFO: [ app_begin ] --START--
INFO: Run Behavior\ReadHtmlCacheBehavior [ RunTime:0.000590s ]
INFO: [ app_begin ] --END-- [ RunTime:0.000649s ]
ERR: SQLSTATE[42000] [1049] Unknown database 'jiayi'

[ 2018-03-20T13:36:20+08:00 ] 117.136.38.55 /index.php/Home/Training/getTrainList
INFO: [ app_init ] --START--
INFO: Run Behavior\BuildLiteBehavior [ RunTime:0.000014s ]
INFO: [ app_init ] --END-- [ RunTime:0.000290s ]
INFO: [ app_begin ] --START--
INFO: Run Behavior\ReadHtmlCacheBehavior [ RunTime:0.000346s ]
INFO: [ app_begin ] --END-- [ RunTime:0.000396s ]
ERR: SQLSTATE[42000] [1049] Unknown database 'jiayi'

[ 2018-03-20T13:36:24+08:00 ] 117.136.38.55 /index.php/Home/Bigcustomer/getCustomerList
INFO: [ app_init ] --START--
INFO: Run Behavior\BuildLiteBehavior [ RunTime:0.000014s ]
INFO: [ app_init ] --END-- [ RunTime:0.000261s ]
INFO: [ app_begin ] --START--
INFO: Run Behavior\ReadHtmlCacheBehavior [ RunTime:0.000417s ]
INFO: [ app_begin ] --END-- [ RunTime:0.000475s ]
ERR: SQLSTATE[42000] [1049] Unknown database 'jiayi'

[ 2018-03-20T13:36:27+08:00 ] 117.136.38.55 /index.php/Home/Dynamic/getAllDynamicList
INFO: [ app_init ] --START--
INFO: Run Behavior\BuildLiteBehavior [ RunTime:0.000014s ]
INFO: [ app_init ] --END-- [ RunTime:0.000277s ]
INFO: [ app_begin ] --START--
INFO: Run Behavior\ReadHtmlCacheBehavior [ RunTime:0.000396s ]
INFO: [ app_begin ] --END-- [ RunTime:0.000450s ]
ERR: SQLSTATE[42000] [1049] Unknown database 'jiayi'

[ 2018-03-20T13:36:27+08:00 ] 117.136.38.55 /index.php/Home/Dynamic/getBynamicCat
INFO: [ app_init ] --START--
INFO: Run Behavior\BuildLiteBehavior [ RunTime:0.000014s ]
INFO: [ app_init ] --END-- [ RunTime:0.000260s ]
INFO: [ app_begin ] --START--
INFO: Run Behavior\ReadHtmlCacheBehavior [ RunTime:0.000393s ]
INFO: [ app_begin ] --END-- [ RunTime:0.000456s ]
ERR: SQLSTATE[42000] [1049] Unknown database 'jiayi'

[ 2018-03-20T13:36:30+08:00 ] 117.136.38.55 /index.php/Home/Goods/shopSixRecord
INFO: [ app_init ] --START--
INFO: Run Behavior\BuildLiteBehavior [ RunTime:0.000017s ]
INFO: [ app_init ] --END-- [ RunTime:0.000271s ]
INFO: [ app_begin ] --START--
INFO: Run Behavior\ReadHtmlCacheBehavior [ RunTime:0.000397s ]
INFO: [ app_begin ] --END-- [ RunTime:0.000489s ]
ERR: SQLSTATE[42000] [1049] Unknown database 'jiayi'

[ 2018-03-20T13:36:30+08:00 ] 117.136.38.55 /index.php/Home/Goods/getCat
INFO: [ app_init ] --START--
INFO: Run Behavior\BuildLiteBehavior [ RunTime:0.000014s ]
INFO: [ app_init ] --END-- [ RunTime:0.000280s ]
INFO: [ app_begin ] --START--
INFO: Run Behavior\ReadHtmlCacheBehavior [ RunTime:0.000345s ]
INFO: [ app_begin ] --END-- [ RunTime:0.000388s ]
ERR: SQLSTATE[42000] [1049] Unknown database 'jiayi'

[ 2018-03-20T13:36:33+08:00 ] 117.136.38.55 /index.php/Home/Goods/getPerSixGoodsList
INFO: [ app_init ] --START--
INFO: Run Behavior\BuildLiteBehavior [ RunTime:0.000014s ]
INFO: [ app_init ] --END-- [ RunTime:0.000332s ]
INFO: [ app_begin ] --START--
INFO: Run Behavior\ReadHtmlCacheBehavior [ RunTime:0.000352s ]
INFO: [ app_begin ] --END-- [ RunTime:0.000397s ]
ERR: SQLSTATE[42000] [1049] Unknown database 'jiayi'

[ 2018-03-20T13:36:37+08:00 ] 117.136.38.55 /index.php/Home/Index/homeservice
INFO: [ app_init ] --START--
INFO: Run Behavior\BuildLiteBehavior [ RunTime:0.000016s ]
INFO: [ app_init ] --END-- [ RunTime:0.000260s ]
INFO: [ app_begin ] --START--
INFO: Run Behavior\ReadHtmlCacheBehavior [ RunTime:0.000433s ]
INFO: [ app_begin ] --END-- [ RunTime:0.000477s ]
ERR: SQLSTATE[42000] [1049] Unknown database 'jiayi'

[ 2018-03-20T13:54:04+08:00 ] 117.136.38.55 /
INFO: [ app_init ] --START--
INFO: Run Behavior\BuildLiteBehavior [ RunTime:0.000019s ]
INFO: [ app_init ] --END-- [ RunTime:0.000386s ]
INFO: [ app_begin ] --START--
INFO: Run Behavior\ReadHtmlCacheBehavior [ RunTime:0.000492s ]
INFO: [ app_begin ] --END-- [ RunTime:0.000551s ]
INFO: [ view_parse ] --START--
INFO: [ template_filter ] --START--
INFO: Run Behavior\ContentReplaceBehavior [ RunTime:0.000036s ]
INFO: [ template_filter ] --END-- [ RunTime:0.000094s ]
INFO: Run Behavior\ParseTemplateBehavior [ RunTime:0.005925s ]
INFO: [ view_parse ] --END-- [ RunTime:0.005980s ]
INFO: [ view_filter ] --START--
INFO: Run Behavior\WriteHtmlCacheBehavior [ RunTime:0.000182s ]
INFO: [ view_filter ] --END-- [ RunTime:0.000229s ]
INFO: [ app_end ] --START--
INFO: Run Behavior\ShowPageTraceBehavior [ RunTime:0.000539s ]
INFO: [ app_end ] --END-- [ RunTime:0.000594s ]

[ 2018-03-20T14:49:50+08:00 ] 1.204.115.59 /
INFO: [ app_init ] --START--
INFO: Run Behavior\BuildLiteBehavior [ RunTime:0.000038s ]
INFO: [ app_init ] --END-- [ RunTime:0.000313s ]
INFO: [ app_begin ] --START--
INFO: Run Behavior\ReadHtmlCacheBehavior [ RunTime:0.000328s ]
INFO: [ app_begin ] --END-- [ RunTime:0.000369s ]
INFO: [ view_parse ] --START--
INFO: [ template_filter ] --START--
INFO: Run Behavior\ContentReplaceBehavior [ RunTime:0.000026s ]
INFO: [ template_filter ] --END-- [ RunTime:0.000071s ]
INFO: Run Behavior\ParseTemplateBehavior [ RunTime:0.003978s ]
INFO: [ view_parse ] --END-- [ RunTime:0.004017s ]
INFO: [ view_filter ] --START--
INFO: Run Behavior\WriteHtmlCacheBehavior [ RunTime:0.000108s ]
INFO: [ view_filter ] --END-- [ RunTime:0.000140s ]
INFO: [ app_end ] --START--
INFO: Run Behavior\ShowPageTraceBehavior [ RunTime:0.000594s ]
INFO: [ app_end ] --END-- [ RunTime:0.000632s ]

[ 2018-03-20T15:12:41+08:00 ] 115.207.110.144 /
INFO: [ app_init ] --START--
INFO: Run Behavior\BuildLiteBehavior [ RunTime:0.000018s ]
INFO: [ app_init ] --END-- [ RunTime:0.000321s ]
INFO: [ app_begin ] --START--
INFO: Run Behavior\ReadHtmlCacheBehavior [ RunTime:0.000325s ]
INFO: [ app_begin ] --END-- [ RunTime:0.000365s ]
INFO: [ view_parse ] --START--
INFO: [ template_filter ] --START--
INFO: Run Behavior\ContentReplaceBehavior [ RunTime:0.000028s ]
INFO: [ template_filter ] --END-- [ RunTime:0.000072s ]
INFO: Run Behavior\ParseTemplateBehavior [ RunTime:0.004635s ]
INFO: [ view_parse ] --END-- [ RunTime:0.004681s ]
INFO: [ view_filter ] --START--
INFO: Run Behavior\WriteHtmlCacheBehavior [ RunTime:0.000130s ]
INFO: [ view_filter ] --END-- [ RunTime:0.000168s ]
INFO: [ app_end ] --START--
INFO: Run Behavior\ShowPageTraceBehavior [ RunTime:0.000428s ]
INFO: [ app_end ] --END-- [ RunTime:0.000464s ]

[ 2018-03-20T15:13:04+08:00 ] 115.207.110.144 /
INFO: [ app_init ] --START--
INFO: Run Behavior\BuildLiteBehavior [ RunTime:0.000018s ]
INFO: [ app_init ] --END-- [ RunTime:0.000303s ]
INFO: [ app_begin ] --START--
INFO: Run Behavior\ReadHtmlCacheBehavior [ RunTime:0.000436s ]
INFO: [ app_begin ] --END-- [ RunTime:0.000481s ]
INFO: [ view_parse ] --START--
INFO: [ template_filter ] --START--
INFO: Run Behavior\ContentReplaceBehavior [ RunTime:0.000034s ]
INFO: [ template_filter ] --END-- [ RunTime:0.000099s ]
INFO: Run Behavior\ParseTemplateBehavior [ RunTime:0.006260s ]
INFO: [ view_parse ] --END-- [ RunTime:0.006309s ]
INFO: [ view_filter ] --START--
INFO: Run Behavior\WriteHtmlCacheBehavior [ RunTime:0.000142s ]
INFO: [ view_filter ] --END-- [ RunTime:0.000184s ]
INFO: [ app_end ] --START--
INFO: Run Behavior\ShowPageTraceBehavior [ RunTime:0.000395s ]
INFO: [ app_end ] --END-- [ RunTime:0.000466s ]

[ 2018-03-20T15:19:30+08:00 ] 42.236.12.130 /
INFO: [ app_init ] --START--
INFO: Run Behavior\BuildLiteBehavior [ RunTime:0.000025s ]
INFO: [ app_init ] --END-- [ RunTime:0.000462s ]
INFO: [ app_begin ] --START--
INFO: Run Behavior\ReadHtmlCacheBehavior [ RunTime:0.000533s ]
INFO: [ app_begin ] --END-- [ RunTime:0.000604s ]
INFO: [ view_parse ] --START--
INFO: [ template_filter ] --START--
INFO: Run Behavior\ContentReplaceBehavior [ RunTime:0.000042s ]
INFO: [ template_filter ] --END-- [ RunTime:0.000112s ]
INFO: Run Behavior\ParseTemplateBehavior [ RunTime:0.004874s ]
INFO: [ view_parse ] --END-- [ RunTime:0.004925s ]
INFO: [ view_filter ] --START--
INFO: Run Behavior\WriteHtmlCacheBehavior [ RunTime:0.000129s ]
INFO: [ view_filter ] --END-- [ RunTime:0.000202s ]
INFO: [ app_end ] --START--
INFO: Run Behavior\ShowPageTraceBehavior [ RunTime:0.000366s ]
INFO: [ app_end ] --END-- [ RunTime:0.000411s ]

[ 2018-03-20T15:58:21+08:00 ] 106.39.112.50 /
INFO: [ app_init ] --START--
INFO: Run Behavior\BuildLiteBehavior [ RunTime:0.000014s ]
INFO: [ app_init ] --END-- [ RunTime:0.000253s ]
INFO: [ app_begin ] --START--
INFO: Run Behavior\ReadHtmlCacheBehavior [ RunTime:0.000348s ]
INFO: [ app_begin ] --END-- [ RunTime:0.000390s ]
INFO: [ view_parse ] --START--
INFO: [ template_filter ] --START--
INFO: Run Behavior\ContentReplaceBehavior [ RunTime:0.000024s ]
INFO: [ template_filter ] --END-- [ RunTime:0.000062s ]
INFO: Run Behavior\ParseTemplateBehavior [ RunTime:0.003934s ]
INFO: [ view_parse ] --END-- [ RunTime:0.003974s ]
INFO: [ view_filter ] --START--
INFO: Run Behavior\WriteHtmlCacheBehavior [ RunTime:0.000109s ]
INFO: [ view_filter ] --END-- [ RunTime:0.000141s ]
INFO: [ app_end ] --START--
INFO: Run Behavior\ShowPageTraceBehavior [ RunTime:0.000340s ]
INFO: [ app_end ] --END-- [ RunTime:0.000375s ]

[ 2018-03-20T16:02:37+08:00 ] 106.11.226.80 /
INFO: [ app_init ] --START--
INFO: Run Behavior\BuildLiteBehavior [ RunTime:0.000015s ]
INFO: [ app_init ] --END-- [ RunTime:0.000314s ]
INFO: [ app_begin ] --START--
INFO: Run Behavior\ReadHtmlCacheBehavior [ RunTime:0.000394s ]
INFO: [ app_begin ] --END-- [ RunTime:0.000443s ]
INFO: [ view_parse ] --START--
INFO: [ template_filter ] --START--
INFO: Run Behavior\ContentReplaceBehavior [ RunTime:0.000031s ]
INFO: [ template_filter ] --END-- [ RunTime:0.000087s ]
INFO: Run Behavior\ParseTemplateBehavior [ RunTime:0.004738s ]
INFO: [ view_parse ] --END-- [ RunTime:0.004795s ]
INFO: [ view_filter ] --START--
INFO: Run Behavior\WriteHtmlCacheBehavior [ RunTime:0.000131s ]
INFO: [ view_filter ] --END-- [ RunTime:0.000171s ]
INFO: [ app_end ] --START--
INFO: Run Behavior\ShowPageTraceBehavior [ RunTime:0.000475s ]
INFO: [ app_end ] --END-- [ RunTime:0.000523s ]

